#
# There is insufficient memory for the Java Runtime Environment to continue.
# Native memory allocation (mmap) failed to map 65536 bytes for Failed to commit metaspace.
# Possible reasons:
#   The system is out of physical RAM or swap space
#   The process is running with CompressedOops enabled, and the Java Heap may be blocking the growth of the native heap
# Possible solutions:
#   Reduce memory load on the system
#   Increase physical memory or swap space
#   Check if swap backing store is full
#   Decrease Java heap size (-Xmx/-Xms)
#   Decrease number of Java threads
#   Decrease Java thread stack sizes (-Xss)
#   Set larger code cache with -XX:ReservedCodeCacheSize=
#   JVM is running with Unscaled Compressed Oops mode in which the Java heap is
#     placed in the first 4GB address space. The Java Heap base address is the
#     maximum limit for the native heap growth. Please use -XX:HeapBaseMinAddress
#     to set the Java Heap base and to place the Java Heap above 4GB virtual address.
# This output file may be truncated or incomplete.
#
#  Out of Memory Error (virtualSpaceNode.cpp:110), pid=10040, tid=6896
#
# JRE version: Java(TM) SE Runtime Environment (17.0.9+11) (build 17.0.9+11-LTS-201)
# Java VM: Java HotSpot(TM) 64-Bit Server VM (17.0.9+11-LTS-201, mixed mode, emulated-client, sharing, tiered, compressed oops, compressed class ptrs, g1 gc, windows-amd64)
# No core dump will be written. Minidumps are not enabled by default on client versions of Windows
#

---------------  S U M M A R Y ------------

Command Line: -XX:TieredStopAtLevel=1 -Dspring.output.ansi.enabled=always -Dcom.sun.management.jmxremote -Dspring.jmx.enabled=true -Dspring.liveBeansView.mbeanDomain -Dspring.application.admin.enabled=true -Dmanagement.endpoints.jmx.exposure.include=* -javaagent:C:\Program Files\IntelliJ IDEA 2024.1.1\lib\idea_rt.jar=63993:C:\Program Files\IntelliJ IDEA 2024.1.1\bin -Dfile.encoding=UTF-8 com.example.CloudGateway.CloudGatewayApplication

Host: Intel(R) Core(TM) i5-4300U CPU @ 1.90GHz, 4 cores, 7G,  Windows 10 , 64 bit Build 19041 (10.0.19041.3636)
Time: Mon May 13 12:47:30 2024 SE Asia Standard Time elapsed time: 4.136834 seconds (0d 0h 0m 4s)

---------------  T H R E A D  ---------------

Current thread (0x000001eec1354880):  JavaThread "background-preinit" [_thread_in_vm, id=6896, stack(0x000000e2a2a00000,0x000000e2a2b00000)]

Stack: [0x000000e2a2a00000,0x000000e2a2b00000]
Native frames: (J=compiled Java code, j=interpreted, Vv=VM code, C=native code)
V  [jvm.dll+0x678a4a]
V  [jvm.dll+0x7d9cfd]
V  [jvm.dll+0x7db60e]
V  [jvm.dll+0x7dbc73]
V  [jvm.dll+0x245e1f]
V  [jvm.dll+0x7d5a0b]
V  [jvm.dll+0x61ebc6]
V  [jvm.dll+0x1c01f7]
V  [jvm.dll+0x621530]
V  [jvm.dll+0x61f586]
V  [jvm.dll+0x36a3c2]
V  [jvm.dll+0x1e1b4b]
V  [jvm.dll+0x53eb15]
V  [jvm.dll+0x754538]
V  [jvm.dll+0x754624]
V  [jvm.dll+0x40c73f]
V  [jvm.dll+0x412759]
C  [java.dll+0x17ec]

Java frames: (J=compiled Java code, j=interpreted, Vv=VM code)
J 1264  java.lang.ClassLoader.defineClass1(Ljava/lang/ClassLoader;Ljava/lang/String;[BIILjava/security/ProtectionDomain;Ljava/lang/String;)Ljava/lang/Class; java.base@17.0.9 (0 bytes) @ 0x000001eeefc984e3 [0x000001eeefc98420+0x00000000000000c3]
J 1287 c1 java.lang.ClassLoader.defineClass(Ljava/lang/String;[BIILjava/security/ProtectionDomain;)Ljava/lang/Class; java.base@17.0.9 (43 bytes) @ 0x000001eeefca295c [0x000001eeefca2860+0x00000000000000fc]
J 1276 c1 jdk.internal.loader.BuiltinClassLoader.defineClass(Ljava/lang/String;Ljdk/internal/loader/Resource;)Ljava/lang/Class; java.base@17.0.9 (121 bytes) @ 0x000001eeefc9f764 [0x000001eeefc9f2a0+0x00000000000004c4]
J 1257 c1 jdk.internal.loader.BuiltinClassLoader.findClassOnClassPathOrNull(Ljava/lang/String;)Ljava/lang/Class; java.base@17.0.9 (64 bytes) @ 0x000001eeefc96034 [0x000001eeefc95d80+0x00000000000002b4]
J 999 c1 jdk.internal.loader.BuiltinClassLoader.loadClassOrNull(Ljava/lang/String;Z)Ljava/lang/Class; java.base@17.0.9 (143 bytes) @ 0x000001eeefc2035c [0x000001eeefc1ff00+0x000000000000045c]
J 1170 c1 jdk.internal.loader.ClassLoaders$AppClassLoader.loadClass(Ljava/lang/String;Z)Ljava/lang/Class; java.base@17.0.9 (40 bytes) @ 0x000001eeefc6bea4 [0x000001eeefc6bd60+0x0000000000000144]
J 1167 c1 java.lang.ClassLoader.loadClass(Ljava/lang/String;)Ljava/lang/Class; java.base@17.0.9 (7 bytes) @ 0x000001eeefc6b2e4 [0x000001eeefc6b2a0+0x0000000000000044]
v  ~StubRoutines::call_stub
j  org.hibernate.validator.internal.util.logging.LoggerFactory.make(Ljava/lang/invoke/MethodHandles$Lookup;)Lorg/hibernate/validator/internal/util/logging/Log;+8
j  org.hibernate.validator.internal.util.Version.<clinit>()V+3
v  ~StubRoutines::call_stub
j  org.hibernate.validator.internal.engine.AbstractConfigurationImpl.<clinit>()V+16
v  ~StubRoutines::call_stub
j  org.hibernate.validator.HibernateValidator.createGenericConfiguration(Ljavax/validation/spi/BootstrapState;)Ljavax/validation/Configuration;+0
j  javax.validation.Validation$GenericBootstrapImpl.configure()Ljavax/validation/Configuration;+81
j  org.springframework.boot.autoconfigure.BackgroundPreinitializer$ValidationInitializer.run()V+3
j  org.springframework.boot.autoconfigure.BackgroundPreinitializer$1.runSafely(Ljava/lang/Runnable;)Z+1
j  org.springframework.boot.autoconfigure.BackgroundPreinitializer$1.run()V+22
j  java.lang.Thread.run()V+11 java.base@17.0.9
v  ~StubRoutines::call_stub

---------------  P R O C E S S  ---------------

Threads class SMR info:
_java_thread_list=0x000001eec1316d60, length=19, elements={
0x000001eee680a9b0, 0x000001eef9eaae30, 0x000001eef9eabcb0, 0x000001eef9ebc000,
0x000001eef9ebfb40, 0x000001eef9ec0500, 0x000001eef9ec0ec0, 0x000001eef9ec1880,
0x000001eef9ef0920, 0x000001eef9e97370, 0x000001eefe17ba00, 0x000001eefe17cfe0,
0x000001eefe4fa520, 0x000001eefe4fe0e0, 0x000001eefe9ba800, 0x000001eec101b970,
0x000001eec1115100, 0x000001eec1333a30, 0x000001eec1354880
}

Java Threads: ( => current thread )
  0x000001eee680a9b0 JavaThread "main" [_thread_in_vm, id=7780, stack(0x000000e2a0b00000,0x000000e2a0c00000)]
  0x000001eef9eaae30 JavaThread "Reference Handler" daemon [_thread_blocked, id=5264, stack(0x000000e2a1200000,0x000000e2a1300000)]
  0x000001eef9eabcb0 JavaThread "Finalizer" daemon [_thread_blocked, id=10356, stack(0x000000e2a1300000,0x000000e2a1400000)]
  0x000001eef9ebc000 JavaThread "Signal Dispatcher" daemon [_thread_blocked, id=5660, stack(0x000000e2a1400000,0x000000e2a1500000)]
  0x000001eef9ebfb40 JavaThread "Attach Listener" daemon [_thread_blocked, id=10664, stack(0x000000e2a1500000,0x000000e2a1600000)]
  0x000001eef9ec0500 JavaThread "Service Thread" daemon [_thread_blocked, id=6100, stack(0x000000e2a1600000,0x000000e2a1700000)]
  0x000001eef9ec0ec0 JavaThread "Monitor Deflation Thread" daemon [_thread_blocked, id=1016, stack(0x000000e2a1700000,0x000000e2a1800000)]
  0x000001eef9ec1880 JavaThread "C1 CompilerThread0" daemon [_thread_blocked, id=10856, stack(0x000000e2a1800000,0x000000e2a1900000)]
  0x000001eef9ef0920 JavaThread "Sweeper thread" daemon [_thread_blocked, id=10852, stack(0x000000e2a1900000,0x000000e2a1a00000)]
  0x000001eef9e97370 JavaThread "Common-Cleaner" daemon [_thread_blocked, id=3792, stack(0x000000e2a1a00000,0x000000e2a1b00000)]
  0x000001eefe17ba00 JavaThread "C1 CompilerThread1" daemon [_thread_blocked, id=10656, stack(0x000000e2a1b00000,0x000000e2a1c00000)]
  0x000001eefe17cfe0 JavaThread "C1 CompilerThread2" daemon [_thread_blocked, id=3048, stack(0x000000e2a1c00000,0x000000e2a1d00000)]
  0x000001eefe4fa520 JavaThread "Monitor Ctrl-Break" daemon [_thread_in_native, id=12260, stack(0x000000e2a1d00000,0x000000e2a1e00000)]
  0x000001eefe4fe0e0 JavaThread "Notification Thread" daemon [_thread_blocked, id=11660, stack(0x000000e2a1e00000,0x000000e2a1f00000)]
  0x000001eefe9ba800 JavaThread "RMI TCP Accept-0" daemon [_thread_in_native, id=5336, stack(0x000000e2a2400000,0x000000e2a2500000)]
  0x000001eec101b970 JavaThread "RMI TCP Connection(1)-172.30.64.1" daemon [_thread_in_native, id=11052, stack(0x000000e2a2600000,0x000000e2a2700000)]
  0x000001eec1115100 JavaThread "RMI Scheduler(0)" daemon [_thread_blocked, id=8912, stack(0x000000e2a2700000,0x000000e2a2800000)]
  0x000001eec1333a30 JavaThread "Keep-Alive-Timer" daemon [_thread_blocked, id=9476, stack(0x000000e2a2900000,0x000000e2a2a00000)]
=>0x000001eec1354880 JavaThread "background-preinit" [_thread_in_vm, id=6896, stack(0x000000e2a2a00000,0x000000e2a2b00000)]

Other Threads:
  0x000001eef9ea6a90 VMThread "VM Thread" [stack: 0x000000e2a1100000,0x000000e2a1200000] [id=5960]
  0x000001eefe875ef0 WatcherThread [stack: 0x000000e2a2500000,0x000000e2a2600000] [id=4124]
  0x000001eee68639f0 GCTaskThread "GC Thread#0" [stack: 0x000000e2a0c00000,0x000000e2a0d00000] [id=1308]
  0x000001eefe897a00 GCTaskThread "GC Thread#1" [stack: 0x000000e2a1f00000,0x000000e2a2000000] [id=7044]
  0x000001eefe891d50 GCTaskThread "GC Thread#2" [stack: 0x000000e2a2000000,0x000000e2a2100000] [id=8480]
  0x000001eefe8a66f0 GCTaskThread "GC Thread#3" [stack: 0x000000e2a2100000,0x000000e2a2200000] [id=6820]
  0x000001eee6874680 ConcurrentGCThread "G1 Main Marker" [stack: 0x000000e2a0d00000,0x000000e2a0e00000] [id=11348]
  0x000001eee6875830 ConcurrentGCThread "G1 Conc#0" [stack: 0x000000e2a0e00000,0x000000e2a0f00000] [id=5376]
  0x000001eef9d620c0 ConcurrentGCThread "G1 Refine#0" [stack: 0x000000e2a0f00000,0x000000e2a1000000] [id=5304]
  0x000001eefe89a790 ConcurrentGCThread "G1 Refine#1" [stack: 0x000000e2a2200000,0x000000e2a2300000] [id=5032]
  0x000001eefe9a3a40 ConcurrentGCThread "G1 Refine#2" [stack: 0x000000e2a2300000,0x000000e2a2400000] [id=10312]
  0x000001eef9d62af0 ConcurrentGCThread "G1 Service" [stack: 0x000000e2a1000000,0x000000e2a1100000] [id=5860]

Threads with active compile tasks:

VM state: not at safepoint (normal execution)

VM Mutex/Monitor currently owned by a thread:  ([mutex/lock_event])
[0x000001eee68026c0] Metaspace_lock - owner thread: 0x000001eec1354880

Heap address: 0x0000000081600000, size: 2026 MB, Compressed Oops mode: 32-bit

CDS archive(s) mapped at: [0x000001ee80000000-0x000001ee80bd0000-0x000001ee80bd0000), size 12386304, SharedBaseAddress: 0x000001ee80000000, ArchiveRelocationMode: 1.
Compressed class space mapped at: 0x000001ee81000000-0x000001eec1000000, reserved size: 1073741824
Narrow klass base: 0x000001ee80000000, Narrow klass shift: 0, Narrow klass range: 0x100000000

GC Precious Log:
 CPUs: 4 total, 4 available
 Memory: 8097M
 Large Page Support: Disabled
 NUMA Support: Disabled
 Compressed Oops: Enabled (32-bit)
 Heap Region Size: 1M
 Heap Min Capacity: 8M
 Heap Initial Capacity: 128M
 Heap Max Capacity: 2026M
 Pre-touch: Disabled
 Parallel Workers: 4
 Concurrent Workers: 1
 Concurrent Refinement Workers: 4
 Periodic GC: Disabled

Heap:
 garbage-first heap   total 131072K, used 44757K [0x0000000081600000, 0x0000000100000000)
  region size 1024K, 38 young (38912K), 2 survivors (2048K)
 Metaspace       used 17781K, committed 18048K, reserved 1114112K
  class space    used 2358K, committed 2432K, reserved 1048576K

Heap Regions: E=young(eden), S=young(survivor), O=old, HS=humongous(starts), HC=humongous(continues), CS=collection set, F=free, OA=open archive, CA=closed archive, TAMS=top-at-mark-start (previous, next)
|   0|0x0000000081600000, 0x0000000081700000, 0x0000000081700000|100%| O|  |TAMS 0x0000000081600000, 0x0000000081600000| Untracked 
|   1|0x0000000081700000, 0x0000000081800000, 0x0000000081800000|100%| O|  |TAMS 0x0000000081700000, 0x0000000081700000| Untracked 
|   2|0x0000000081800000, 0x0000000081900000, 0x0000000081900000|100%| O|  |TAMS 0x0000000081800000, 0x0000000081800000| Untracked 
|   3|0x0000000081900000, 0x0000000081a00000, 0x0000000081a00000|100%| O|  |TAMS 0x0000000081900000, 0x0000000081900000| Untracked 
|   4|0x0000000081a00000, 0x0000000081b00000, 0x0000000081b00000|100%| O|  |TAMS 0x0000000081a00000, 0x0000000081a00000| Untracked 
|   5|0x0000000081b00000, 0x0000000081c00000, 0x0000000081c00000|100%| O|  |TAMS 0x0000000081b00000, 0x0000000081b00000| Untracked 
|   6|0x0000000081c00000, 0x0000000081d00000, 0x0000000081d00000|100%| O|  |TAMS 0x0000000081c00000, 0x0000000081c00000| Untracked 
|   7|0x0000000081d00000, 0x0000000081e00000, 0x0000000081e00000|100%| O|  |TAMS 0x0000000081d00000, 0x0000000081d00000| Untracked 
|   8|0x0000000081e00000, 0x0000000081e38600, 0x0000000081f00000| 22%| O|  |TAMS 0x0000000081e00000, 0x0000000081e00000| Untracked 
|   9|0x0000000081f00000, 0x0000000081f00000, 0x0000000082000000|  0%| F|  |TAMS 0x0000000081f00000, 0x0000000081f00000| Untracked 
|  10|0x0000000082000000, 0x0000000082000000, 0x0000000082100000|  0%| F|  |TAMS 0x0000000082000000, 0x0000000082000000| Untracked 
|  11|0x0000000082100000, 0x0000000082100000, 0x0000000082200000|  0%| F|  |TAMS 0x0000000082100000, 0x0000000082100000| Untracked 
|  12|0x0000000082200000, 0x0000000082200000, 0x0000000082300000|  0%| F|  |TAMS 0x0000000082200000, 0x0000000082200000| Untracked 
|  13|0x0000000082300000, 0x0000000082300000, 0x0000000082400000|  0%| F|  |TAMS 0x0000000082300000, 0x0000000082300000| Untracked 
|  14|0x0000000082400000, 0x0000000082400000, 0x0000000082500000|  0%| F|  |TAMS 0x0000000082400000, 0x0000000082400000| Untracked 
|  15|0x0000000082500000, 0x0000000082500000, 0x0000000082600000|  0%| F|  |TAMS 0x0000000082500000, 0x0000000082500000| Untracked 
|  16|0x0000000082600000, 0x0000000082600000, 0x0000000082700000|  0%| F|  |TAMS 0x0000000082600000, 0x0000000082600000| Untracked 
|  17|0x0000000082700000, 0x0000000082700000, 0x0000000082800000|  0%| F|  |TAMS 0x0000000082700000, 0x0000000082700000| Untracked 
|  18|0x0000000082800000, 0x0000000082800000, 0x0000000082900000|  0%| F|  |TAMS 0x0000000082800000, 0x0000000082800000| Untracked 
|  19|0x0000000082900000, 0x0000000082900000, 0x0000000082a00000|  0%| F|  |TAMS 0x0000000082900000, 0x0000000082900000| Untracked 
|  20|0x0000000082a00000, 0x0000000082a00000, 0x0000000082b00000|  0%| F|  |TAMS 0x0000000082a00000, 0x0000000082a00000| Untracked 
|  21|0x0000000082b00000, 0x0000000082b00000, 0x0000000082c00000|  0%| F|  |TAMS 0x0000000082b00000, 0x0000000082b00000| Untracked 
|  22|0x0000000082c00000, 0x0000000082c00000, 0x0000000082d00000|  0%| F|  |TAMS 0x0000000082c00000, 0x0000000082c00000| Untracked 
|  23|0x0000000082d00000, 0x0000000082d00000, 0x0000000082e00000|  0%| F|  |TAMS 0x0000000082d00000, 0x0000000082d00000| Untracked 
|  24|0x0000000082e00000, 0x0000000082e00000, 0x0000000082f00000|  0%| F|  |TAMS 0x0000000082e00000, 0x0000000082e00000| Untracked 
|  25|0x0000000082f00000, 0x0000000082f00000, 0x0000000083000000|  0%| F|  |TAMS 0x0000000082f00000, 0x0000000082f00000| Untracked 
|  26|0x0000000083000000, 0x0000000083000000, 0x0000000083100000|  0%| F|  |TAMS 0x0000000083000000, 0x0000000083000000| Untracked 
|  27|0x0000000083100000, 0x0000000083100000, 0x0000000083200000|  0%| F|  |TAMS 0x0000000083100000, 0x0000000083100000| Untracked 
|  28|0x0000000083200000, 0x0000000083200000, 0x0000000083300000|  0%| F|  |TAMS 0x0000000083200000, 0x0000000083200000| Untracked 
|  29|0x0000000083300000, 0x0000000083300000, 0x0000000083400000|  0%| F|  |TAMS 0x0000000083300000, 0x0000000083300000| Untracked 
|  30|0x0000000083400000, 0x0000000083400000, 0x0000000083500000|  0%| F|  |TAMS 0x0000000083400000, 0x0000000083400000| Untracked 
|  31|0x0000000083500000, 0x0000000083500000, 0x0000000083600000|  0%| F|  |TAMS 0x0000000083500000, 0x0000000083500000| Untracked 
|  32|0x0000000083600000, 0x0000000083600000, 0x0000000083700000|  0%| F|  |TAMS 0x0000000083600000, 0x0000000083600000| Untracked 
|  33|0x0000000083700000, 0x0000000083700000, 0x0000000083800000|  0%| F|  |TAMS 0x0000000083700000, 0x0000000083700000| Untracked 
|  34|0x0000000083800000, 0x0000000083800000, 0x0000000083900000|  0%| F|  |TAMS 0x0000000083800000, 0x0000000083800000| Untracked 
|  35|0x0000000083900000, 0x0000000083900000, 0x0000000083a00000|  0%| F|  |TAMS 0x0000000083900000, 0x0000000083900000| Untracked 
|  36|0x0000000083a00000, 0x0000000083a00000, 0x0000000083b00000|  0%| F|  |TAMS 0x0000000083a00000, 0x0000000083a00000| Untracked 
|  37|0x0000000083b00000, 0x0000000083b00000, 0x0000000083c00000|  0%| F|  |TAMS 0x0000000083b00000, 0x0000000083b00000| Untracked 
|  38|0x0000000083c00000, 0x0000000083c00000, 0x0000000083d00000|  0%| F|  |TAMS 0x0000000083c00000, 0x0000000083c00000| Untracked 
|  39|0x0000000083d00000, 0x0000000083d00000, 0x0000000083e00000|  0%| F|  |TAMS 0x0000000083d00000, 0x0000000083d00000| Untracked 
|  40|0x0000000083e00000, 0x0000000083e00000, 0x0000000083f00000|  0%| F|  |TAMS 0x0000000083e00000, 0x0000000083e00000| Untracked 
|  41|0x0000000083f00000, 0x0000000083f00000, 0x0000000084000000|  0%| F|  |TAMS 0x0000000083f00000, 0x0000000083f00000| Untracked 
|  42|0x0000000084000000, 0x0000000084000000, 0x0000000084100000|  0%| F|  |TAMS 0x0000000084000000, 0x0000000084000000| Untracked 
|  43|0x0000000084100000, 0x0000000084100000, 0x0000000084200000|  0%| F|  |TAMS 0x0000000084100000, 0x0000000084100000| Untracked 
|  44|0x0000000084200000, 0x0000000084200000, 0x0000000084300000|  0%| F|  |TAMS 0x0000000084200000, 0x0000000084200000| Untracked 
|  45|0x0000000084300000, 0x0000000084300000, 0x0000000084400000|  0%| F|  |TAMS 0x0000000084300000, 0x0000000084300000| Untracked 
|  46|0x0000000084400000, 0x0000000084400000, 0x0000000084500000|  0%| F|  |TAMS 0x0000000084400000, 0x0000000084400000| Untracked 
|  47|0x0000000084500000, 0x0000000084500000, 0x0000000084600000|  0%| F|  |TAMS 0x0000000084500000, 0x0000000084500000| Untracked 
|  48|0x0000000084600000, 0x0000000084600000, 0x0000000084700000|  0%| F|  |TAMS 0x0000000084600000, 0x0000000084600000| Untracked 
|  49|0x0000000084700000, 0x0000000084700000, 0x0000000084800000|  0%| F|  |TAMS 0x0000000084700000, 0x0000000084700000| Untracked 
|  50|0x0000000084800000, 0x0000000084800000, 0x0000000084900000|  0%| F|  |TAMS 0x0000000084800000, 0x0000000084800000| Untracked 
|  51|0x0000000084900000, 0x0000000084900000, 0x0000000084a00000|  0%| F|  |TAMS 0x0000000084900000, 0x0000000084900000| Untracked 
|  52|0x0000000084a00000, 0x0000000084a00000, 0x0000000084b00000|  0%| F|  |TAMS 0x0000000084a00000, 0x0000000084a00000| Untracked 
|  53|0x0000000084b00000, 0x0000000084b00000, 0x0000000084c00000|  0%| F|  |TAMS 0x0000000084b00000, 0x0000000084b00000| Untracked 
|  54|0x0000000084c00000, 0x0000000084c00000, 0x0000000084d00000|  0%| F|  |TAMS 0x0000000084c00000, 0x0000000084c00000| Untracked 
|  55|0x0000000084d00000, 0x0000000084d00000, 0x0000000084e00000|  0%| F|  |TAMS 0x0000000084d00000, 0x0000000084d00000| Untracked 
|  56|0x0000000084e00000, 0x0000000084e00000, 0x0000000084f00000|  0%| F|  |TAMS 0x0000000084e00000, 0x0000000084e00000| Untracked 
|  57|0x0000000084f00000, 0x0000000084f00000, 0x0000000085000000|  0%| F|  |TAMS 0x0000000084f00000, 0x0000000084f00000| Untracked 
|  58|0x0000000085000000, 0x0000000085000000, 0x0000000085100000|  0%| F|  |TAMS 0x0000000085000000, 0x0000000085000000| Untracked 
|  59|0x0000000085100000, 0x0000000085100000, 0x0000000085200000|  0%| F|  |TAMS 0x0000000085100000, 0x0000000085100000| Untracked 
|  60|0x0000000085200000, 0x0000000085200000, 0x0000000085300000|  0%| F|  |TAMS 0x0000000085200000, 0x0000000085200000| Untracked 
|  61|0x0000000085300000, 0x0000000085300000, 0x0000000085400000|  0%| F|  |TAMS 0x0000000085300000, 0x0000000085300000| Untracked 
|  62|0x0000000085400000, 0x0000000085400000, 0x0000000085500000|  0%| F|  |TAMS 0x0000000085400000, 0x0000000085400000| Untracked 
|  63|0x0000000085500000, 0x0000000085500000, 0x0000000085600000|  0%| F|  |TAMS 0x0000000085500000, 0x0000000085500000| Untracked 
|  64|0x0000000085600000, 0x0000000085600000, 0x0000000085700000|  0%| F|  |TAMS 0x0000000085600000, 0x0000000085600000| Untracked 
|  65|0x0000000085700000, 0x0000000085700000, 0x0000000085800000|  0%| F|  |TAMS 0x0000000085700000, 0x0000000085700000| Untracked 
|  66|0x0000000085800000, 0x0000000085800000, 0x0000000085900000|  0%| F|  |TAMS 0x0000000085800000, 0x0000000085800000| Untracked 
|  67|0x0000000085900000, 0x0000000085900000, 0x0000000085a00000|  0%| F|  |TAMS 0x0000000085900000, 0x0000000085900000| Untracked 
|  68|0x0000000085a00000, 0x0000000085a00000, 0x0000000085b00000|  0%| F|  |TAMS 0x0000000085a00000, 0x0000000085a00000| Untracked 
|  69|0x0000000085b00000, 0x0000000085b00000, 0x0000000085c00000|  0%| F|  |TAMS 0x0000000085b00000, 0x0000000085b00000| Untracked 
|  70|0x0000000085c00000, 0x0000000085c00000, 0x0000000085d00000|  0%| F|  |TAMS 0x0000000085c00000, 0x0000000085c00000| Untracked 
|  71|0x0000000085d00000, 0x0000000085d00000, 0x0000000085e00000|  0%| F|  |TAMS 0x0000000085d00000, 0x0000000085d00000| Untracked 
|  72|0x0000000085e00000, 0x0000000085e00000, 0x0000000085f00000|  0%| F|  |TAMS 0x0000000085e00000, 0x0000000085e00000| Untracked 
|  73|0x0000000085f00000, 0x0000000085f00000, 0x0000000086000000|  0%| F|  |TAMS 0x0000000085f00000, 0x0000000085f00000| Untracked 
|  74|0x0000000086000000, 0x0000000086000000, 0x0000000086100000|  0%| F|  |TAMS 0x0000000086000000, 0x0000000086000000| Untracked 
|  75|0x0000000086100000, 0x0000000086100000, 0x0000000086200000|  0%| F|  |TAMS 0x0000000086100000, 0x0000000086100000| Untracked 
|  76|0x0000000086200000, 0x0000000086200000, 0x0000000086300000|  0%| F|  |TAMS 0x0000000086200000, 0x0000000086200000| Untracked 
|  77|0x0000000086300000, 0x0000000086300000, 0x0000000086400000|  0%| F|  |TAMS 0x0000000086300000, 0x0000000086300000| Untracked 
|  78|0x0000000086400000, 0x0000000086400000, 0x0000000086500000|  0%| F|  |TAMS 0x0000000086400000, 0x0000000086400000| Untracked 
|  79|0x0000000086500000, 0x0000000086500000, 0x0000000086600000|  0%| F|  |TAMS 0x0000000086500000, 0x0000000086500000| Untracked 
|  80|0x0000000086600000, 0x0000000086600000, 0x0000000086700000|  0%| F|  |TAMS 0x0000000086600000, 0x0000000086600000| Untracked 
|  81|0x0000000086700000, 0x0000000086700000, 0x0000000086800000|  0%| F|  |TAMS 0x0000000086700000, 0x0000000086700000| Untracked 
|  82|0x0000000086800000, 0x0000000086800000, 0x0000000086900000|  0%| F|  |TAMS 0x0000000086800000, 0x0000000086800000| Untracked 
|  83|0x0000000086900000, 0x0000000086900000, 0x0000000086a00000|  0%| F|  |TAMS 0x0000000086900000, 0x0000000086900000| Untracked 
|  84|0x0000000086a00000, 0x0000000086a00000, 0x0000000086b00000|  0%| F|  |TAMS 0x0000000086a00000, 0x0000000086a00000| Untracked 
|  85|0x0000000086b00000, 0x0000000086b00000, 0x0000000086c00000|  0%| F|  |TAMS 0x0000000086b00000, 0x0000000086b00000| Untracked 
|  86|0x0000000086c00000, 0x0000000086c00000, 0x0000000086d00000|  0%| F|  |TAMS 0x0000000086c00000, 0x0000000086c00000| Untracked 
|  87|0x0000000086d00000, 0x0000000086d00000, 0x0000000086e00000|  0%| F|  |TAMS 0x0000000086d00000, 0x0000000086d00000| Untracked 
|  88|0x0000000086e00000, 0x0000000086e00000, 0x0000000086f00000|  0%| F|  |TAMS 0x0000000086e00000, 0x0000000086e00000| Untracked 
|  89|0x0000000086f00000, 0x0000000086f00000, 0x0000000087000000|  0%| F|  |TAMS 0x0000000086f00000, 0x0000000086f00000| Untracked 
|  90|0x0000000087000000, 0x00000000870f0168, 0x0000000087100000| 93%| E|  |TAMS 0x0000000087000000, 0x0000000087000000| Complete 
|  91|0x0000000087100000, 0x0000000087200000, 0x0000000087200000|100%| E|CS|TAMS 0x0000000087100000, 0x0000000087100000| Complete 
|  92|0x0000000087200000, 0x0000000087300000, 0x0000000087300000|100%| E|CS|TAMS 0x0000000087200000, 0x0000000087200000| Complete 
|  93|0x0000000087300000, 0x0000000087400000, 0x0000000087400000|100%| E|CS|TAMS 0x0000000087300000, 0x0000000087300000| Complete 
|  94|0x0000000087400000, 0x0000000087500000, 0x0000000087500000|100%| E|CS|TAMS 0x0000000087400000, 0x0000000087400000| Complete 
|  95|0x0000000087500000, 0x0000000087600000, 0x0000000087600000|100%| E|CS|TAMS 0x0000000087500000, 0x0000000087500000| Complete 
|  96|0x0000000087600000, 0x0000000087700000, 0x0000000087700000|100%| E|CS|TAMS 0x0000000087600000, 0x0000000087600000| Complete 
|  97|0x0000000087700000, 0x0000000087800000, 0x0000000087800000|100%| E|CS|TAMS 0x0000000087700000, 0x0000000087700000| Complete 
|  98|0x0000000087800000, 0x0000000087900000, 0x0000000087900000|100%| E|CS|TAMS 0x0000000087800000, 0x0000000087800000| Complete 
|  99|0x0000000087900000, 0x0000000087a00000, 0x0000000087a00000|100%| E|CS|TAMS 0x0000000087900000, 0x0000000087900000| Complete 
| 100|0x0000000087a00000, 0x0000000087b00000, 0x0000000087b00000|100%| E|CS|TAMS 0x0000000087a00000, 0x0000000087a00000| Complete 
| 101|0x0000000087b00000, 0x0000000087c00000, 0x0000000087c00000|100%| E|  |TAMS 0x0000000087b00000, 0x0000000087b00000| Complete 
| 102|0x0000000087c00000, 0x0000000087d00000, 0x0000000087d00000|100%| E|CS|TAMS 0x0000000087c00000, 0x0000000087c00000| Complete 
| 103|0x0000000087d00000, 0x0000000087e00000, 0x0000000087e00000|100%| E|CS|TAMS 0x0000000087d00000, 0x0000000087d00000| Complete 
| 104|0x0000000087e00000, 0x0000000087f00000, 0x0000000087f00000|100%| E|CS|TAMS 0x0000000087e00000, 0x0000000087e00000| Complete 
| 105|0x0000000087f00000, 0x0000000087f7d1b8, 0x0000000088000000| 48%| S|CS|TAMS 0x0000000087f00000, 0x0000000087f00000| Complete 
| 106|0x0000000088000000, 0x0000000088100000, 0x0000000088100000|100%| S|CS|TAMS 0x0000000088000000, 0x0000000088000000| Complete 
| 107|0x0000000088100000, 0x0000000088200000, 0x0000000088200000|100%| E|CS|TAMS 0x0000000088100000, 0x0000000088100000| Complete 
| 108|0x0000000088200000, 0x0000000088300000, 0x0000000088300000|100%| E|CS|TAMS 0x0000000088200000, 0x0000000088200000| Complete 
| 109|0x0000000088300000, 0x0000000088400000, 0x0000000088400000|100%| E|CS|TAMS 0x0000000088300000, 0x0000000088300000| Complete 
| 110|0x0000000088400000, 0x0000000088500000, 0x0000000088500000|100%| E|CS|TAMS 0x0000000088400000, 0x0000000088400000| Complete 
| 111|0x0000000088500000, 0x0000000088600000, 0x0000000088600000|100%| E|CS|TAMS 0x0000000088500000, 0x0000000088500000| Complete 
| 112|0x0000000088600000, 0x0000000088700000, 0x0000000088700000|100%| E|CS|TAMS 0x0000000088600000, 0x0000000088600000| Complete 
| 113|0x0000000088700000, 0x0000000088800000, 0x0000000088800000|100%| E|CS|TAMS 0x0000000088700000, 0x0000000088700000| Complete 
| 114|0x0000000088800000, 0x0000000088900000, 0x0000000088900000|100%| E|CS|TAMS 0x0000000088800000, 0x0000000088800000| Complete 
| 115|0x0000000088900000, 0x0000000088a00000, 0x0000000088a00000|100%| E|CS|TAMS 0x0000000088900000, 0x0000000088900000| Complete 
| 116|0x0000000088a00000, 0x0000000088b00000, 0x0000000088b00000|100%| E|CS|TAMS 0x0000000088a00000, 0x0000000088a00000| Complete 
| 117|0x0000000088b00000, 0x0000000088c00000, 0x0000000088c00000|100%| E|CS|TAMS 0x0000000088b00000, 0x0000000088b00000| Complete 
| 118|0x0000000088c00000, 0x0000000088d00000, 0x0000000088d00000|100%| E|CS|TAMS 0x0000000088c00000, 0x0000000088c00000| Complete 
| 119|0x0000000088d00000, 0x0000000088e00000, 0x0000000088e00000|100%| E|CS|TAMS 0x0000000088d00000, 0x0000000088d00000| Complete 
| 120|0x0000000088e00000, 0x0000000088f00000, 0x0000000088f00000|100%| E|CS|TAMS 0x0000000088e00000, 0x0000000088e00000| Complete 
| 121|0x0000000088f00000, 0x0000000089000000, 0x0000000089000000|100%| E|CS|TAMS 0x0000000088f00000, 0x0000000088f00000| Complete 
| 122|0x0000000089000000, 0x0000000089100000, 0x0000000089100000|100%| E|CS|TAMS 0x0000000089000000, 0x0000000089000000| Complete 
| 123|0x0000000089100000, 0x0000000089200000, 0x0000000089200000|100%| E|CS|TAMS 0x0000000089100000, 0x0000000089100000| Complete 
| 124|0x0000000089200000, 0x0000000089300000, 0x0000000089300000|100%| E|CS|TAMS 0x0000000089200000, 0x0000000089200000| Complete 
| 125|0x0000000089300000, 0x0000000089400000, 0x0000000089400000|100%| E|CS|TAMS 0x0000000089300000, 0x0000000089300000| Complete 
| 126|0x0000000089400000, 0x0000000089500000, 0x0000000089500000|100%| E|CS|TAMS 0x0000000089400000, 0x0000000089400000| Complete 
| 127|0x0000000089500000, 0x0000000089600000, 0x0000000089600000|100%| E|CS|TAMS 0x0000000089500000, 0x0000000089500000| Complete 

Card table byte_map: [0x000001eef3140000,0x000001eef3540000] _byte_map_base: 0x000001eef2d35000

Marking Bits (Prev, Next): (CMBitMap*) 0x000001eee6864010, (CMBitMap*) 0x000001eee6864050
 Prev Bits: [0x000001eef3940000, 0x000001eef58e8000)
 Next Bits: [0x000001eef58f0000, 0x000001eef7898000)

Polling page: 0x000001eee65e0000

Metaspace:

Usage:
  Non-class:     15.06 MB used.
      Class:      2.30 MB used.
       Both:     17.36 MB used.

Virtual space:
  Non-class space:       64.00 MB reserved,      15.25 MB ( 24%) committed,  1 nodes.
      Class space:        1.00 GB reserved,       2.38 MB ( <1%) committed,  1 nodes.
             Both:        1.06 GB reserved,      17.62 MB (  2%) committed. 

Chunk freelists:
   Non-Class:  608.00 KB
       Class:  13.42 MB
        Both:  14.02 MB

MaxMetaspaceSize: unlimited
CompressedClassSpaceSize: 1.00 GB
Initial GC threshold: 21.00 MB
Current GC threshold: 21.00 MB
CDS: on
MetaspaceReclaimPolicy: balanced
 - commit_granule_bytes: 65536.
 - commit_granule_words: 8192.
 - virtual_space_node_default_size: 8388608.
 - enlarge_chunks_in_place: 1.
 - new_chunks_are_fully_committed: 0.
 - uncommit_free_chunks: 1.
 - use_allocation_guard: 0.
 - handle_deallocations: 1.


Internal statistics:

num_allocs_failed_limit: 0.
num_arena_births: 296.
num_arena_deaths: 0.
num_vsnodes_births: 2.
num_vsnodes_deaths: 0.
num_space_committed: 282.
num_space_uncommitted: 0.
num_chunks_returned_to_freelist: 0.
num_chunks_taken_from_freelist: 817.
num_chunk_merges: 0.
num_chunk_splits: 559.
num_chunks_enlarged: 409.
num_inconsistent_stats: 0.

CodeCache: size=49152Kb used=5788Kb max_used=5788Kb free=43364Kb
 bounds [0x000001eeef890000, 0x000001eeefe40000, 0x000001eef2890000]
 total_blobs=2872 nmethods=2362 adapters=434
 compilation: enabled
              stopped_count=0, restarted_count=0
 full_count=0

Compilation events (20 events):
Event: 4.131 Thread 0x000001eef9ec1880 2350       1       org.springframework.boot.context.properties.source.SpringIterableConfigurationPropertySource::getConfigurationPropertyNames (53 bytes)
Event: 4.131 Thread 0x000001eefe17cfe0 nmethod 2348 0x000001eeefe31090 code [0x000001eeefe31280, 0x000001eeefe31568]
Event: 4.132 Thread 0x000001eefe17cfe0 2351       1       org.springframework.boot.context.properties.bind.Binder::handleBindResult (121 bytes)
Event: 4.132 Thread 0x000001eefe17ba00 nmethod 2347 0x000001eeefe31810 code [0x000001eeefe31a60, 0x000001eeefe31fb8]
Event: 4.132 Thread 0x000001eef9ec1880 nmethod 2350 0x000001eeefe32390 code [0x000001eeefe32600, 0x000001eeefe32c88]
Event: 4.132 Thread 0x000001eefe17ba00 2352       1       org.springframework.boot.context.properties.bind.BindHandler::onFinish (1 bytes)
Event: 4.133 Thread 0x000001eefe17ba00 nmethod 2352 0x000001eeefe33110 code [0x000001eeefe332a0, 0x000001eeefe33358]
Event: 4.133 Thread 0x000001eef9ec1880 2353       1       java.util.stream.AbstractPipeline::spliterator (116 bytes)
Event: 4.133 Thread 0x000001eefe17cfe0 nmethod 2351 0x000001eeefe33410 code [0x000001eeefe336c0, 0x000001eeefe33fb8]
Event: 4.133 Thread 0x000001eef9ec1880 nmethod 2353 0x000001eeefe34710 code [0x000001eeefe34900, 0x000001eeefe34d28]
Event: 4.134 Thread 0x000001eef9ec1880 2354       1       java.lang.Integer::hashCode (8 bytes)
Event: 4.134 Thread 0x000001eefe17cfe0 2355       1       java.lang.Integer::hashCode (2 bytes)
Event: 4.134 Thread 0x000001eefe17cfe0 nmethod 2355 0x000001eeefe34f90 code [0x000001eeefe35120, 0x000001eeefe351d8]
Event: 4.134 Thread 0x000001eef9ec1880 nmethod 2354 0x000001eeefe35290 code [0x000001eeefe35420, 0x000001eeefe354f8]
Event: 4.134 Thread 0x000001eef9ec1880 2356       1       java.util.stream.ReferencePipeline::iterator (8 bytes)
Event: 4.134 Thread 0x000001eefe17ba00 2357       1       java.util.Spliterators::iterator (14 bytes)
Event: 4.134 Thread 0x000001eef9ec1880 nmethod 2356 0x000001eeefe35590 code [0x000001eeefe35740, 0x000001eeefe35978]
Event: 4.134 Thread 0x000001eefe17ba00 nmethod 2357 0x000001eeefe35a90 code [0x000001eeefe35c40, 0x000001eeefe35e48]
Event: 4.134 Thread 0x000001eef9ec1880 2358       1       java.util.Spliterators$1Adapter::<init> (15 bytes)
Event: 4.134 Thread 0x000001eef9ec1880 nmethod 2358 0x000001eeefe35f10 code [0x000001eeefe360a0, 0x000001eeefe361b8]

GC Heap History (6 events):
Event: 1.046 GC heap before
{Heap before GC invocations=0 (full 0):
 garbage-first heap   total 131072K, used 13312K [0x0000000081600000, 0x0000000100000000)
  region size 1024K, 13 young (13312K), 0 survivors (0K)
 Metaspace       used 3727K, committed 3904K, reserved 1114112K
  class space    used 454K, committed 512K, reserved 1048576K
}
Event: 1.054 GC heap after
{Heap after GC invocations=1 (full 0):
 garbage-first heap   total 131072K, used 6436K [0x0000000081600000, 0x0000000100000000)
  region size 1024K, 2 young (2048K), 2 survivors (2048K)
 Metaspace       used 3727K, committed 3904K, reserved 1114112K
  class space    used 454K, committed 512K, reserved 1048576K
}
Event: 1.385 GC heap before
{Heap before GC invocations=1 (full 0):
 garbage-first heap   total 131072K, used 13604K [0x0000000081600000, 0x0000000100000000)
  region size 1024K, 9 young (9216K), 2 survivors (2048K)
 Metaspace       used 6034K, committed 6208K, reserved 1114112K
  class space    used 733K, committed 832K, reserved 1048576K
}
Event: 1.391 GC heap after
{Heap after GC invocations=2 (full 0):
 garbage-first heap   total 131072K, used 8438K [0x0000000081600000, 0x0000000100000000)
  region size 1024K, 2 young (2048K), 2 survivors (2048K)
 Metaspace       used 6034K, committed 6208K, reserved 1114112K
  class space    used 733K, committed 832K, reserved 1048576K
}
Event: 2.287 GC heap before
{Heap before GC invocations=2 (full 0):
 garbage-first heap   total 131072K, used 27894K [0x0000000081600000, 0x0000000100000000)
  region size 1024K, 21 young (21504K), 2 survivors (2048K)
 Metaspace       used 10409K, committed 10624K, reserved 1114112K
  class space    used 1377K, committed 1472K, reserved 1048576K
}
Event: 2.294 GC heap after
{Heap after GC invocations=3 (full 0):
 garbage-first heap   total 131072K, used 9941K [0x0000000081600000, 0x0000000100000000)
  region size 1024K, 2 young (2048K), 2 survivors (2048K)
 Metaspace       used 10409K, committed 10624K, reserved 1114112K
  class space    used 1377K, committed 1472K, reserved 1048576K
}

Deoptimization events (2 events):
Event: 2.811 Thread 0x000001eee680a9b0 DEOPT PACKING pc=0x000001eeefda151c sp=0x000000e2a0bfdda0
Event: 2.811 Thread 0x000001eee680a9b0 DEOPT UNPACKING pc=0x000001eeef8e2b43 sp=0x000000e2a0bfd268 mode 0

Classes unloaded (0 events):
No events

Classes redefined (0 events):
No events

Internal exceptions (20 events):
Event: 2.379 Thread 0x000001eee680a9b0 Exception <a 'java/lang/NoSuchMethodError'{0x0000000089107218}: 'java.lang.Object java.lang.invoke.DirectMethodHandle$Holder.newInvokeSpecial(java.lang.Object, int, java.lang.Object)'> (0x0000000089107218) 
thrown [s\open\src\hotspot\share\interpreter\linkResolver.cpp, line 759]
Event: 2.380 Thread 0x000001eee680a9b0 Exception <a 'java/lang/NoSuchMethodError'{0x000000008910b0e0}: 'int java.lang.invoke.DirectMethodHandle$Holder.invokeSpecialIFC(java.lang.Object, java.lang.Object, java.lang.Object, java.lang.Object)'> (0x000000008910b0e0) 
thrown [s\open\src\hotspot\share\interpreter\linkResolver.cpp, line 759]
Event: 2.399 Thread 0x000001eee680a9b0 Exception <a 'java/lang/NoSuchMethodError'{0x00000000891bb3c8}: 'java.lang.Object java.lang.invoke.DirectMethodHandle$Holder.invokeInterface(java.lang.Object, java.lang.Object)'> (0x00000000891bb3c8) 
thrown [s\open\src\hotspot\share\interpreter\linkResolver.cpp, line 759]
Event: 2.403 Thread 0x000001eee680a9b0 Exception <a 'java/lang/NoSuchMethodError'{0x00000000891d9480}: 'void java.lang.invoke.DirectMethodHandle$Holder.invokeInterface(java.lang.Object, java.lang.Object, java.lang.Object)'> (0x00000000891d9480) 
thrown [s\open\src\hotspot\share\interpreter\linkResolver.cpp, line 759]
Event: 2.474 Thread 0x000001eee680a9b0 Exception <a 'java/lang/NoSuchMethodError'{0x0000000088ebef38}: 'java.lang.Object java.lang.invoke.DirectMethodHandle$Holder.invokeStaticInit(java.lang.Object, java.lang.Object, java.lang.Object, java.lang.Object, java.lang.Object)'> (0x0000000088ebef38) 
thrown [s\open\src\hotspot\share\interpreter\linkResolver.cpp, line 759]
Event: 2.785 Thread 0x000001eee680a9b0 Exception <a 'java/lang/NoSuchMethodError'{0x0000000087d5c668}: 'long java.lang.invoke.DirectMethodHandle$Holder.invokeSpecial(java.lang.Object, java.lang.Object)'> (0x0000000087d5c668) 
thrown [s\open\src\hotspot\share\interpreter\linkResolver.cpp, line 759]
Event: 2.787 Thread 0x000001eee680a9b0 Exception <a 'java/lang/NoSuchMethodError'{0x0000000087d677e0}: 'long java.lang.invoke.DirectMethodHandle$Holder.invokeStatic(java.lang.Object, java.lang.Object)'> (0x0000000087d677e0) 
thrown [s\open\src\hotspot\share\interpreter\linkResolver.cpp, line 759]
Event: 2.788 Thread 0x000001eee680a9b0 Exception <a 'java/lang/NoSuchMethodError'{0x0000000087d6b088}: 'long java.lang.invoke.DirectMethodHandle$Holder.invokeStaticInit(java.lang.Object, java.lang.Object)'> (0x0000000087d6b088) 
thrown [s\open\src\hotspot\share\interpreter\linkResolver.cpp, line 759]
Event: 2.790 Thread 0x000001eee680a9b0 Exception <a 'java/lang/NoSuchMethodError'{0x0000000087d78e58}: 'long java.lang.invoke.DirectMethodHandle$Holder.invokeInterface(java.lang.Object, java.lang.Object)'> (0x0000000087d78e58) 
thrown [s\open\src\hotspot\share\interpreter\linkResolver.cpp, line 759]
Event: 2.790 Thread 0x000001eee680a9b0 Exception <a 'java/lang/IncompatibleClassChangeError'{0x0000000087d7c690}: Found class java.lang.Object, but interface was expected> (0x0000000087d7c690) 
thrown [s\open\src\hotspot\share\interpreter\linkResolver.cpp, line 826]
Event: 2.801 Thread 0x000001eee680a9b0 Exception <a 'java/lang/NoSuchMethodError'{0x0000000087de6e00}: 'java.lang.Object java.lang.invoke.DirectMethodHandle$Holder.invokeVirtual(java.lang.Object, java.lang.Object, java.lang.Object, java.lang.Object)'> (0x0000000087de6e00) 
thrown [s\open\src\hotspot\share\interpreter\linkResolver.cpp, line 759]
Event: 2.809 Thread 0x000001eee680a9b0 Exception <a 'java/lang/NoSuchMethodError'{0x0000000087c23250}: 'void java.lang.invoke.DirectMethodHandle$Holder.invokeVirtual(java.lang.Object, java.lang.Object, java.lang.Object, java.lang.Object)'> (0x0000000087c23250) 
thrown [s\open\src\hotspot\share\interpreter\linkResolver.cpp, line 759]
Event: 2.851 Thread 0x000001eec101b970 Exception <a 'java/lang/reflect/InvocationTargetException'{0x0000000087bcfc90}> (0x0000000087bcfc90) 
thrown [s\open\src\hotspot\share\runtime\reflection.cpp, line 1121]
Event: 3.361 Thread 0x000001eec101b970 Exception <a 'java/lang/reflect/InvocationTargetException'{0x0000000087bdc0c0}> (0x0000000087bdc0c0) 
thrown [s\open\src\hotspot\share\runtime\reflection.cpp, line 1121]
Event: 3.868 Thread 0x000001eec101b970 Exception <a 'java/lang/reflect/InvocationTargetException'{0x0000000087be8630}> (0x0000000087be8630) 
thrown [s\open\src\hotspot\share\runtime\reflection.cpp, line 1121]
Event: 4.046 Thread 0x000001eee680a9b0 Exception <a 'java/lang/NoSuchMethodError'{0x00000000874394f0}: 'java.lang.Object java.lang.invoke.DirectMethodHandle$Holder.invokeVirtual(java.lang.Object, java.lang.Object, java.lang.Object)'> (0x00000000874394f0) 
thrown [s\open\src\hotspot\share\interpreter\linkResolver.cpp, line 759]
Event: 4.057 Thread 0x000001eee680a9b0 Exception <a 'java/lang/NoSuchMethodError'{0x0000000087486690}: 'void java.lang.invoke.DirectMethodHandle$Holder.invokeStatic(java.lang.Object, java.lang.Object, int)'> (0x0000000087486690) 
thrown [s\open\src\hotspot\share\interpreter\linkResolver.cpp, line 759]
Event: 4.058 Thread 0x000001eee680a9b0 Exception <a 'java/lang/NoSuchMethodError'{0x000000008748e1f8}: 'void java.lang.invoke.DirectMethodHandle$Holder.invokeStaticInit(java.lang.Object, java.lang.Object)'> (0x000000008748e1f8) 
thrown [s\open\src\hotspot\share\interpreter\linkResolver.cpp, line 759]
Event: 4.059 Thread 0x000001eee680a9b0 Exception <a 'java/lang/NoSuchMethodError'{0x000000008749b210}: 'void java.lang.invoke.DirectMethodHandle$Holder.invokeStaticInit(java.lang.Object, java.lang.Object, java.lang.Object)'> (0x000000008749b210) 
thrown [s\open\src\hotspot\share\interpreter\linkResolver.cpp, line 759]
Event: 4.101 Thread 0x000001eee680a9b0 Exception <a 'java/lang/NoSuchMethodError'{0x000000008722c548}: 'void java.lang.invoke.DirectMethodHandle$Holder.invokeSpecial(java.lang.Object, java.lang.Object, java.lang.Object)'> (0x000000008722c548) 
thrown [s\open\src\hotspot\share\interpreter\linkResolver.cpp, line 759]

VM Operations (20 events):
Event: 1.685 Executing VM operation: HandshakeAllThreads
Event: 1.685 Executing VM operation: HandshakeAllThreads done
Event: 1.842 Executing VM operation: HandshakeAllThreads
Event: 1.842 Executing VM operation: HandshakeAllThreads done
Event: 2.286 Executing VM operation: G1CollectForAllocation
Event: 2.294 Executing VM operation: G1CollectForAllocation done
Event: 2.317 Executing VM operation: HandshakeAllThreads
Event: 2.317 Executing VM operation: HandshakeAllThreads done
Event: 2.810 Executing VM operation: HandshakeAllThreads
Event: 2.810 Executing VM operation: HandshakeAllThreads done
Event: 2.811 Executing VM operation: HandshakeAllThreads
Event: 2.811 Executing VM operation: HandshakeAllThreads done
Event: 2.889 Executing VM operation: HandshakeAllThreads
Event: 2.889 Executing VM operation: HandshakeAllThreads done
Event: 3.895 Executing VM operation: Cleanup
Event: 3.895 Executing VM operation: Cleanup done
Event: 4.020 Executing VM operation: HandshakeAllThreads
Event: 4.020 Executing VM operation: HandshakeAllThreads done
Event: 4.122 Executing VM operation: HandshakeAllThreads
Event: 4.122 Executing VM operation: HandshakeAllThreads done

Events (20 events):
Event: 4.057 loading class java/util/stream/IntPipeline$4 done
Event: 4.057 loading class java/util/stream/ForEachOps$ForEachOp$OfInt
Event: 4.057 loading class java/util/stream/ForEachOps$ForEachOp$OfInt done
Event: 4.057 loading class java/util/stream/IntPipeline$4$1
Event: 4.057 loading class java/util/stream/IntPipeline$4$1 done
Event: 4.058 loading class java/util/RegularEnumSet$EnumSetIterator
Event: 4.058 loading class java/util/RegularEnumSet$EnumSetIterator done
Event: 4.061 loading class java/nio/file/attribute/PosixFilePermission
Event: 4.061 loading class java/nio/file/attribute/PosixFilePermission done
Event: 4.061 loading class java/util/stream/ReduceOps$2
Event: 4.061 loading class java/util/stream/ReduceOps$2 done
Event: 4.061 loading class java/util/stream/ReduceOps$2ReducingSink
Event: 4.062 loading class java/util/stream/ReduceOps$2ReducingSink done
Event: 4.081 loading class java/util/Stack
Event: 4.081 loading class java/util/Stack done
Event: 4.082 loading class java/util/Vector$Itr
Event: 4.082 loading class java/util/Vector$Itr done
Event: 4.105 Thread 0x000001eec1354880 Thread added: 0x000001eec1354880
Event: 4.113 loading class java/util/ServiceConfigurationError
Event: 4.114 loading class java/util/ServiceConfigurationError done


Dynamic libraries:
0x00007ff6a4010000 - 0x00007ff6a4020000 	C:\Program Files\Java\jdk-17\bin\java.exe
0x00007ff8a63f0000 - 0x00007ff8a65e8000 	C:\Windows\SYSTEM32\ntdll.dll
0x00007ff8a47e0000 - 0x00007ff8a489d000 	C:\Windows\System32\KERNEL32.DLL
0x00007ff8a3c00000 - 0x00007ff8a3ef6000 	C:\Windows\System32\KERNELBASE.dll
0x00007ff8a1240000 - 0x00007ff8a12d0000 	C:\Windows\SYSTEM32\apphelp.dll
0x00007ff8a42d0000 - 0x00007ff8a43d0000 	C:\Windows\System32\ucrtbase.dll
0x00007ff89b860000 - 0x00007ff89b879000 	C:\Program Files\Java\jdk-17\bin\jli.dll
0x00007ff89b3c0000 - 0x00007ff89b3db000 	C:\Program Files\Java\jdk-17\bin\VCRUNTIME140.dll
0x00007ff8a4680000 - 0x00007ff8a4730000 	C:\Windows\System32\ADVAPI32.dll
0x00007ff8a5b70000 - 0x00007ff8a5c0e000 	C:\Windows\System32\msvcrt.dll
0x00007ff8a48a0000 - 0x00007ff8a4940000 	C:\Windows\System32\sechost.dll
0x00007ff8a5c10000 - 0x00007ff8a5d33000 	C:\Windows\System32\RPCRT4.dll
0x00007ff8a3fb0000 - 0x00007ff8a3fd7000 	C:\Windows\System32\bcrypt.dll
0x00007ff8a5020000 - 0x00007ff8a51bf000 	C:\Windows\System32\USER32.dll
0x00007ff8a3fe0000 - 0x00007ff8a4002000 	C:\Windows\System32\win32u.dll
0x00007ff8a49d0000 - 0x00007ff8a49fb000 	C:\Windows\System32\GDI32.dll
0x00007ff8a4010000 - 0x00007ff8a4127000 	C:\Windows\System32\gdi32full.dll
0x00007ff881cc0000 - 0x00007ff881f5a000 	C:\Windows\WinSxS\amd64_microsoft.windows.common-controls_6595b64144ccf1df_6.0.19041.3636_none_60b6a03d71f818d5\COMCTL32.dll
0x00007ff8a4230000 - 0x00007ff8a42cd000 	C:\Windows\System32\msvcp_win.dll
0x00007ff890e90000 - 0x00007ff890e9a000 	C:\Windows\SYSTEM32\VERSION.dll
0x00007ff8a5250000 - 0x00007ff8a5282000 	C:\Windows\System32\IMM32.DLL
0x00007ff89e940000 - 0x00007ff89e94c000 	C:\Program Files\Java\jdk-17\bin\vcruntime140_1.dll
0x00007ff889820000 - 0x00007ff8898ae000 	C:\Program Files\Java\jdk-17\bin\msvcp140.dll
0x00007ff86db00000 - 0x00007ff86e6e1000 	C:\Program Files\Java\jdk-17\bin\server\jvm.dll
0x00007ff8a5a10000 - 0x00007ff8a5a18000 	C:\Windows\System32\PSAPI.DLL
0x00007ff89fef0000 - 0x00007ff89fef9000 	C:\Windows\SYSTEM32\WSOCK32.dll
0x00007ff8a62e0000 - 0x00007ff8a634b000 	C:\Windows\System32\WS2_32.dll
0x00007ff8849f0000 - 0x00007ff884a17000 	C:\Windows\SYSTEM32\WINMM.dll
0x00007ff8a18f0000 - 0x00007ff8a1902000 	C:\Windows\SYSTEM32\kernel.appcore.dll
0x00007ff89e8f0000 - 0x00007ff89e8fa000 	C:\Program Files\Java\jdk-17\bin\jimage.dll
0x00007ff891000000 - 0x00007ff8911e4000 	C:\Windows\SYSTEM32\DBGHELP.DLL
0x00007ff890970000 - 0x00007ff8909a4000 	C:\Windows\SYSTEM32\dbgcore.DLL
0x00007ff8a4130000 - 0x00007ff8a41b2000 	C:\Windows\System32\bcryptPrimitives.dll
0x00007ff89e7e0000 - 0x00007ff89e7ee000 	C:\Program Files\Java\jdk-17\bin\instrument.dll
0x00007ff88f130000 - 0x00007ff88f155000 	C:\Program Files\Java\jdk-17\bin\java.dll
0x00007ff8879a0000 - 0x00007ff887a77000 	C:\Program Files\Java\jdk-17\bin\jsvml.dll
0x00007ff8a52a0000 - 0x00007ff8a5a0b000 	C:\Windows\System32\SHELL32.dll
0x00007ff8a1af0000 - 0x00007ff8a228e000 	C:\Windows\SYSTEM32\windows.storage.dll
0x00007ff8a4ac0000 - 0x00007ff8a4e13000 	C:\Windows\System32\combase.dll
0x00007ff8a33f0000 - 0x00007ff8a341e000 	C:\Windows\SYSTEM32\Wldp.dll
0x00007ff8a6210000 - 0x00007ff8a62dd000 	C:\Windows\System32\OLEAUT32.dll
0x00007ff8a4420000 - 0x00007ff8a44cd000 	C:\Windows\System32\SHCORE.dll
0x00007ff8a4a60000 - 0x00007ff8a4ab5000 	C:\Windows\System32\shlwapi.dll
0x00007ff8a39d0000 - 0x00007ff8a39f3000 	C:\Windows\SYSTEM32\profapi.dll
0x00007ff89ae20000 - 0x00007ff89ae38000 	C:\Program Files\Java\jdk-17\bin\zip.dll
0x00007ff897590000 - 0x00007ff8975a9000 	C:\Program Files\Java\jdk-17\bin\net.dll
0x00007ff89ca90000 - 0x00007ff89cb9a000 	C:\Windows\SYSTEM32\WINHTTP.dll
0x00007ff8a31d0000 - 0x00007ff8a323a000 	C:\Windows\system32\mswsock.dll
0x00007ff897390000 - 0x00007ff8973a6000 	C:\Program Files\Java\jdk-17\bin\nio.dll
0x00007ff896f70000 - 0x00007ff896f8a000 	C:\Program Files\IntelliJ IDEA 2024.1.1\bin\breakgen64.dll
0x00007ff8a2ec0000 - 0x00007ff8a2f8b000 	C:\Windows\SYSTEM32\DNSAPI.dll
0x00007ff8a2e80000 - 0x00007ff8a2ebb000 	C:\Windows\SYSTEM32\IPHLPAPI.DLL
0x00007ff8a5290000 - 0x00007ff8a5298000 	C:\Windows\System32\NSI.dll
0x00007ff896d70000 - 0x00007ff896d7a000 	C:\Windows\System32\rasadhlp.dll
0x00007ff89bf50000 - 0x00007ff89bfd0000 	C:\Windows\System32\fwpuclnt.dll
0x00007ff89e480000 - 0x00007ff89e48a000 	C:\Program Files\Java\jdk-17\bin\management.dll
0x00007ff89b930000 - 0x00007ff89b93b000 	C:\Program Files\Java\jdk-17\bin\management_ext.dll
0x00007ff8a3740000 - 0x00007ff8a3758000 	C:\Windows\SYSTEM32\CRYPTSP.dll
0x00007ff8a2aa0000 - 0x00007ff8a2ad4000 	C:\Windows\system32\rsaenh.dll
0x00007ff8a3990000 - 0x00007ff8a39be000 	C:\Windows\SYSTEM32\USERENV.dll
0x00007ff8a3360000 - 0x00007ff8a336c000 	C:\Windows\SYSTEM32\CRYPTBASE.dll
0x00007ff89d8d0000 - 0x00007ff89d8e7000 	C:\Windows\SYSTEM32\dhcpcsvc6.DLL
0x00007ff89d8b0000 - 0x00007ff89d8cd000 	C:\Windows\SYSTEM32\dhcpcsvc.DLL
0x00007ff88deb0000 - 0x00007ff88dec7000 	C:\Windows\system32\napinsp.dll
0x00007ff88c640000 - 0x00007ff88c65b000 	C:\Windows\system32\pnrpnsp.dll
0x00007ff88c620000 - 0x00007ff88c635000 	C:\Windows\system32\wshbth.dll
0x00007ff89f5d0000 - 0x00007ff89f5ed000 	C:\Windows\system32\NLAapi.dll
0x00007ff88c600000 - 0x00007ff88c612000 	C:\Windows\System32\winrnr.dll
0x00007ff89b5a0000 - 0x00007ff89b5b0000 	C:\Program Files\Java\jdk-17\bin\verify.dll

dbghelp: loaded successfully - version: 4.0.5 - missing functions: none
symbol engine: initialized successfully - sym options: 0x614 - pdb path: .;C:\Program Files\Java\jdk-17\bin;C:\Windows\SYSTEM32;C:\Windows\WinSxS\amd64_microsoft.windows.common-controls_6595b64144ccf1df_6.0.19041.3636_none_60b6a03d71f818d5;C:\Program Files\Java\jdk-17\bin\server;C:\Program Files\IntelliJ IDEA 2024.1.1\bin

VM Arguments:
jvm_args: -XX:TieredStopAtLevel=1 -Dspring.output.ansi.enabled=always -Dcom.sun.management.jmxremote -Dspring.jmx.enabled=true -Dspring.liveBeansView.mbeanDomain -Dspring.application.admin.enabled=true -Dmanagement.endpoints.jmx.exposure.include=* -javaagent:C:\Program Files\IntelliJ IDEA 2024.1.1\lib\idea_rt.jar=63993:C:\Program Files\IntelliJ IDEA 2024.1.1\bin -Dfile.encoding=UTF-8 
java_command: com.example.CloudGateway.CloudGatewayApplication
java_class_path (initial): D:\Downloads\PROGRAM\CloudGateway\target\classes;C:\Users\DUC\.m2\repository\org\springframework\boot\spring-boot-starter-webflux\2.7.6\spring-boot-starter-webflux-2.7.6.jar;C:\Users\DUC\.m2\repository\org\springframework\boot\spring-boot-starter\2.7.6\spring-boot-starter-2.7.6.jar;C:\Users\DUC\.m2\repository\org\springframework\boot\spring-boot\2.7.6\spring-boot-2.7.6.jar;C:\Users\DUC\.m2\repository\org\springframework\boot\spring-boot-autoconfigure\2.7.6\spring-boot-autoconfigure-2.7.6.jar;C:\Users\DUC\.m2\repository\org\springframework\boot\spring-boot-starter-logging\2.7.6\spring-boot-starter-logging-2.7.6.jar;C:\Users\DUC\.m2\repository\ch\qos\logback\logback-classic\1.2.11\logback-classic-1.2.11.jar;C:\Users\DUC\.m2\repository\ch\qos\logback\logback-core\1.2.11\logback-core-1.2.11.jar;C:\Users\DUC\.m2\repository\org\apache\logging\log4j\log4j-to-slf4j\2.17.2\log4j-to-slf4j-2.17.2.jar;C:\Users\DUC\.m2\repository\org\apache\logging\log4j\log4j-api\2.17.2\log4j-api-2.17.2.jar;C:\Users\DUC\.m2\repository\org\slf4j\jul-to-slf4j\1.7.36\jul-to-slf4j-1.7.36.jar;C:\Users\DUC\.m2\repository\jakarta\annotation\jakarta.annotation-api\1.3.5\jakarta.annotation-api-1.3.5.jar;C:\Users\DUC\.m2\repository\org\yaml\snakeyaml\1.30\snakeyaml-1.30.jar;C:\Users\DUC\.m2\repository\org\springframework\boot\spring-boot-starter-json\2.7.6\spring-boot-starter-json-2.7.6.jar;C:\Users\DUC\.m2\repository\com\fasterxml\jackson\datatype\jackson-datatype-jdk8\2.13.4\jackson-datatype-jdk8-2.13.4.jar;C:\Users\DUC\.m2\repository\com\fasterxml\jackson\datatype\jackson-datatype-jsr310\2.13.4\jackson-datatype-jsr310-2.13.4.jar;C:\Users\DUC\.m2\repository\com\fasterxml\jackson\module\jackson-module-parameter-names\2.13.4\jackson-module-parameter-names-2.13.4.jar;C:\Users\DUC\.m2\repository\org\springframework\boot\spring-boot-starter-reactor-netty\2.7.6\spring-boot-starter-reactor-netty-2.7.6.jar;C:\Users\DUC\.m2\repository\io\projectreactor\netty\reactor-netty-http\1.0.2
Launcher Type: SUN_STANDARD

[Global flags]
     intx CICompilerCount                          = 3                                         {product} {ergonomic}
     uint ConcGCThreads                            = 1                                         {product} {ergonomic}
     uint G1ConcRefinementThreads                  = 4                                         {product} {ergonomic}
   size_t G1HeapRegionSize                         = 1048576                                   {product} {ergonomic}
    uintx GCDrainStackTargetSize                   = 64                                        {product} {ergonomic}
   size_t InitialHeapSize                          = 134217728                                 {product} {ergonomic}
     bool ManagementServer                         = true                                      {product} {command line}
   size_t MarkStackSize                            = 4194304                                   {product} {ergonomic}
   size_t MaxHeapSize                              = 2124414976                                {product} {ergonomic}
   size_t MaxNewSize                               = 1274019840                                {product} {ergonomic}
   size_t MinHeapDeltaBytes                        = 1048576                                   {product} {ergonomic}
   size_t MinHeapSize                              = 8388608                                   {product} {ergonomic}
    uintx NonProfiledCodeHeapSize                  = 0                                      {pd product} {ergonomic}
     bool ProfileInterpreter                       = false                                  {pd product} {command line}
    uintx ProfiledCodeHeapSize                     = 0                                      {pd product} {ergonomic}
   size_t SoftMaxHeapSize                          = 2124414976                             {manageable} {ergonomic}
     intx TieredStopAtLevel                        = 1                                         {product} {command line}
     bool UseCompressedClassPointers               = true                           {product lp64_product} {ergonomic}
     bool UseCompressedOops                        = true                           {product lp64_product} {ergonomic}
     bool UseG1GC                                  = true                                      {product} {ergonomic}
     bool UseLargePagesIndividualAllocation        = false                                  {pd product} {ergonomic}

Logging:
Log output configuration:
 #0: stdout all=warning uptime,level,tags
 #1: stderr all=off uptime,level,tags

Environment Variables:
JAVA_HOME=C:\Program Files\Java\jdk-17
PATH=C:\Program Files\Common Files\Oracle\Java\javapath;C:\Program Files\apache-maven-3.9.6-bin\apache-maven-3.9.6\bin;C:\Program Files\Java\jdk-17\bin;C:\Windows\system32;C:\Windows;C:\Windows\System32\Wbem;C:\Windows\System32\WindowsPowerShell\v1.0\;C:\Windows\System32\OpenSSH\;C:\Program Files\dotnet\;C:\Program Files\nodejs\;D:\Git\cmd;C:\Program Files\Docker\Docker\resources\bin;C:\Program Files\Cloudflare\Cloudflare WARP\;C:\ProgramData\chocolatey\bin;C:\Users\DUC\AppData\Local\Microsoft\WindowsApps;;D:\Microsoft VS Code\bin;C:\Users\DUC\AppData\Roaming\npm
USERNAME=DUC
OS=Windows_NT
PROCESSOR_IDENTIFIER=Intel64 Family 6 Model 69 Stepping 1, GenuineIntel



---------------  S Y S T E M  ---------------

OS:
 Windows 10 , 64 bit Build 19041 (10.0.19041.3636)
OS uptime: 0 days 3:15 hours
Hyper-V role detected

CPU: total 4 (initial active 4) (2 cores per cpu, 2 threads per core) family 6 model 69 stepping 1 microcode 0x25, cx8, cmov, fxsr, ht, mmx, sse, sse2, sse3, ssse3, sse4.1, sse4.2, popcnt, lzcnt, tsc, tscinvbit, avx, avx2, aes, erms, clmul, bmi1, bmi2, fma, vzeroupper, clflush, hv

Memory: 4k page, system-wide physical 8097M (1051M free)
TotalPageFile size 8097M (AvailPageFile size 5M)
current process WorkingSet (physical memory assigned to process): 114M, peak: 114M
current process commit charge ("private bytes"): 233M, peak: 233M

vm_info: Java HotSpot(TM) 64-Bit Server VM (17.0.9+11-LTS-201) for windows-amd64 JRE (17.0.9+11-LTS-201), built on Oct 10 2023 23:16:06 by "mach5one" with MS VC++ 17.1 (VS2022)

END.
