#
# There is insufficient memory for the Java Runtime Environment to continue.
# Native memory allocation (mmap) failed to map 134217728 bytes for G1 virtual space
# Possible reasons:
#   The system is out of physical RAM or swap space
#   The process is running with CompressedOops enabled, and the Java Heap may be blocking the growth of the native heap
# Possible solutions:
#   Reduce memory load on the system
#   Increase physical memory or swap space
#   Check if swap backing store is full
#   Decrease Java heap size (-Xmx/-Xms)
#   Decrease number of Java threads
#   Decrease Java thread stack sizes (-Xss)
#   Set larger code cache with -XX:ReservedCodeCacheSize=
#   JVM is running with Unscaled Compressed Oops mode in which the Java heap is
#     placed in the first 4GB address space. The Java Heap base address is the
#     maximum limit for the native heap growth. Please use -XX:HeapBaseMinAddress
#     to set the Java Heap base and to place the Java Heap above 4GB virtual address.
# This output file may be truncated or incomplete.
#
#  Out of Memory Error (os_windows.cpp:3552), pid=8152, tid=11180
#
# JRE version:  (17.0.9+11) (build )
# Java VM: Java HotSpot(TM) 64-Bit Server VM (17.0.9+11-LTS-201, mixed mode, sharing, tiered, compressed oops, compressed class ptrs, g1 gc, windows-amd64)
# No core dump will be written. Minidumps are not enabled by default on client versions of Windows
#

---------------  S U M M A R Y ------------

Command Line: -ea -Didea.test.cyclic.buffer.size=1048576 -javaagent:D:\IntelliJ IDEA 2024.1\lib\idea_rt.jar=61654:D:\IntelliJ IDEA 2024.1\bin -Dfile.encoding=UTF-8 com.intellij.rt.junit.JUnitStarter -ideVersion5 -junit5 @w@C:\Users\DUC\AppData\Local\Temp\idea_working_dirs_junit.tmp @C:\Users\DUC\AppData\Local\Temp\idea_junit.tmp -socket61653

Host: Intel(R) Core(TM) i5-4300U CPU @ 1.90GHz, 4 cores, 7G,  Windows 10 , 64 bit Build 19041 (10.0.19041.3636)
Time: Mon May 13 11:04:13 2024 SE Asia Standard Time elapsed time: 0.032895 seconds (0d 0h 0m 0s)

---------------  T H R E A D  ---------------

Current thread (0x00000167d3b16670):  JavaThread "Unknown thread" [_thread_in_vm, id=11180, stack(0x00000011c1400000,0x00000011c1500000)]

Stack: [0x00000011c1400000,0x00000011c1500000]
Native frames: (J=compiled Java code, j=interpreted, Vv=VM code, C=native code)
V  [jvm.dll+0x678a4a]
V  [jvm.dll+0x7d9cfd]
V  [jvm.dll+0x7db60e]
V  [jvm.dll+0x7dbc73]
V  [jvm.dll+0x245e1f]
V  [jvm.dll+0x6758f9]
V  [jvm.dll+0x66a2a2]
V  [jvm.dll+0x303686]
V  [jvm.dll+0x30ac06]
V  [jvm.dll+0x35a48e]
V  [jvm.dll+0x35a6bf]
V  [jvm.dll+0x2da678]
V  [jvm.dll+0x2db5e4]
V  [jvm.dll+0x7ab6b1]
V  [jvm.dll+0x368041]
V  [jvm.dll+0x78a749]
V  [jvm.dll+0x3ebd4f]
V  [jvm.dll+0x3ed7d1]
C  [jli.dll+0x5297]
C  [ucrtbase.dll+0x21bb2]
C  [KERNEL32.DLL+0x17344]
C  [ntdll.dll+0x526b1]


---------------  P R O C E S S  ---------------

Threads class SMR info:
_java_thread_list=0x00007ff83a7a89d8, length=0, elements={
}

Java Threads: ( => current thread )

Other Threads:
  0x00000167d3b6f6f0 GCTaskThread "GC Thread#0" [stack: 0x00000011c1500000,0x00000011c1600000] [id=11272]
  0x00000167d3b822b0 ConcurrentGCThread "G1 Main Marker" [stack: 0x00000011c1600000,0x00000011c1700000] [id=1448]
  0x00000167d3b82bd0 ConcurrentGCThread "G1 Conc#0" [stack: 0x00000011c1700000,0x00000011c1800000] [id=9128]

[error occurred during error reporting (printing all threads), id 0xc0000005, EXCEPTION_ACCESS_VIOLATION (0xc0000005) at pc=0x00007ff839fdb2d7]

VM state: not at safepoint (not fully initialized)

VM Mutex/Monitor currently owned by a thread:  ([mutex/lock_event])
[0x00000167d3b12bf0] Heap_lock - owner thread: 0x00000167d3b16670

Heap address: 0x0000000081600000, size: 2026 MB, Compressed Oops mode: 32-bit

CDS archive(s) mapped at: [0x0000000000000000-0x0000000000000000-0x0000000000000000), size 0, SharedBaseAddress: 0x0000000800000000, ArchiveRelocationMode: 1.
Narrow klass base: 0x0000000000000000, Narrow klass shift: 0, Narrow klass range: 0x0

GC Precious Log:
<Empty>

Heap:
 garbage-first heap   total 0K, used 0K [0x0000000081600000, 0x0000000100000000)
  region size 1024K, 0 young (0K), 0 survivors (0K)

[error occurred during error reporting (printing heap information), id 0xc0000005, EXCEPTION_ACCESS_VIOLATION (0xc0000005) at pc=0x00007ff83a3c2229]

GC Heap History (0 events):
No events

Deoptimization events (0 events):
No events

Classes unloaded (0 events):
No events

Classes redefined (0 events):
No events

Internal exceptions (0 events):
No events

VM Operations (0 events):
No events

Events (1 events):
Event: 0.027 Loaded shared library C:\Program Files\Java\jdk-17\bin\java.dll


Dynamic libraries:
0x00007ff789020000 - 0x00007ff789030000 	C:\Program Files\Java\jdk-17\bin\java.exe
0x00007ff8a63f0000 - 0x00007ff8a65e8000 	C:\Windows\SYSTEM32\ntdll.dll
0x00007ff8a47e0000 - 0x00007ff8a489d000 	C:\Windows\System32\KERNEL32.DLL
0x00007ff8a3c00000 - 0x00007ff8a3ef6000 	C:\Windows\System32\KERNELBASE.dll
0x00007ff8a42d0000 - 0x00007ff8a43d0000 	C:\Windows\System32\ucrtbase.dll
0x00007ff89f090000 - 0x00007ff89f0a9000 	C:\Program Files\Java\jdk-17\bin\jli.dll
0x00007ff89f190000 - 0x00007ff89f1ab000 	C:\Program Files\Java\jdk-17\bin\VCRUNTIME140.dll
0x00007ff8a4680000 - 0x00007ff8a4730000 	C:\Windows\System32\ADVAPI32.dll
0x00007ff8a5b70000 - 0x00007ff8a5c0e000 	C:\Windows\System32\msvcrt.dll
0x00007ff8a48a0000 - 0x00007ff8a4940000 	C:\Windows\System32\sechost.dll
0x00007ff8a5c10000 - 0x00007ff8a5d33000 	C:\Windows\System32\RPCRT4.dll
0x00007ff8a3fb0000 - 0x00007ff8a3fd7000 	C:\Windows\System32\bcrypt.dll
0x00007ff8a5020000 - 0x00007ff8a51bf000 	C:\Windows\System32\USER32.dll
0x00007ff8a3fe0000 - 0x00007ff8a4002000 	C:\Windows\System32\win32u.dll
0x00007ff8a49d0000 - 0x00007ff8a49fb000 	C:\Windows\System32\GDI32.dll
0x00007ff8a4010000 - 0x00007ff8a4127000 	C:\Windows\System32\gdi32full.dll
0x00007ff8a4230000 - 0x00007ff8a42cd000 	C:\Windows\System32\msvcp_win.dll
0x00007ff881cc0000 - 0x00007ff881f5a000 	C:\Windows\WinSxS\amd64_microsoft.windows.common-controls_6595b64144ccf1df_6.0.19041.3636_none_60b6a03d71f818d5\COMCTL32.dll
0x00007ff890e90000 - 0x00007ff890e9a000 	C:\Windows\SYSTEM32\VERSION.dll
0x00007ff8a5250000 - 0x00007ff8a5282000 	C:\Windows\System32\IMM32.DLL
0x00007ff89fed0000 - 0x00007ff89fedc000 	C:\Program Files\Java\jdk-17\bin\vcruntime140_1.dll
0x00007ff897420000 - 0x00007ff8974ae000 	C:\Program Files\Java\jdk-17\bin\msvcp140.dll
0x00007ff839cf0000 - 0x00007ff83a8d1000 	C:\Program Files\Java\jdk-17\bin\server\jvm.dll
0x00007ff8a5a10000 - 0x00007ff8a5a18000 	C:\Windows\System32\PSAPI.DLL
0x00007ff89f670000 - 0x00007ff89f679000 	C:\Windows\SYSTEM32\WSOCK32.dll
0x00007ff8a62e0000 - 0x00007ff8a634b000 	C:\Windows\System32\WS2_32.dll
0x00007ff8849f0000 - 0x00007ff884a17000 	C:\Windows\SYSTEM32\WINMM.dll
0x00007ff8a18f0000 - 0x00007ff8a1902000 	C:\Windows\SYSTEM32\kernel.appcore.dll
0x00007ff89f680000 - 0x00007ff89f68a000 	C:\Program Files\Java\jdk-17\bin\jimage.dll
0x00007ff891000000 - 0x00007ff8911e4000 	C:\Windows\SYSTEM32\DBGHELP.DLL
0x00007ff890970000 - 0x00007ff8909a4000 	C:\Windows\SYSTEM32\dbgcore.DLL
0x00007ff8a4130000 - 0x00007ff8a41b2000 	C:\Windows\System32\bcryptPrimitives.dll
0x00007ff89e940000 - 0x00007ff89e94e000 	C:\Program Files\Java\jdk-17\bin\instrument.dll
0x00007ff89f060000 - 0x00007ff89f085000 	C:\Program Files\Java\jdk-17\bin\java.dll

dbghelp: loaded successfully - version: 4.0.5 - missing functions: none
symbol engine: initialized successfully - sym options: 0x614 - pdb path: .;C:\Program Files\Java\jdk-17\bin;C:\Windows\SYSTEM32;C:\Windows\WinSxS\amd64_microsoft.windows.common-controls_6595b64144ccf1df_6.0.19041.3636_none_60b6a03d71f818d5;C:\Program Files\Java\jdk-17\bin\server

VM Arguments:
jvm_args: -ea -Didea.test.cyclic.buffer.size=1048576 -javaagent:D:\IntelliJ IDEA 2024.1\lib\idea_rt.jar=61654:D:\IntelliJ IDEA 2024.1\bin -Dfile.encoding=UTF-8 
java_command: com.intellij.rt.junit.JUnitStarter -ideVersion5 -junit5 @w@C:\Users\DUC\AppData\Local\Temp\idea_working_dirs_junit.tmp @C:\Users\DUC\AppData\Local\Temp\idea_junit.tmp -socket61653
java_class_path (initial): C:\Users\DUC\.m2\repository\org\junit\platform\junit-platform-launcher\1.10.2\junit-platform-launcher-1.10.2.jar;D:\IntelliJ IDEA 2024.1\lib\idea_rt.jar;D:\IntelliJ IDEA 2024.1\plugins\junit\lib\junit5-rt.jar;D:\IntelliJ IDEA 2024.1\plugins\junit\lib\junit-rt.jar;D:\Downloads\PROGRAM\registry\target\test-classes;D:\Downloads\PROGRAM\registry\target\classes;C:\Users\DUC\.m2\repository\org\springframework\cloud\spring-cloud-starter\4.1.2\spring-cloud-starter-4.1.2.jar;C:\Users\DUC\.m2\repository\org\springframework\boot\spring-boot-starter\3.2.4\spring-boot-starter-3.2.4.jar;C:\Users\DUC\.m2\repository\org\springframework\boot\spring-boot\3.2.4\spring-boot-3.2.4.jar;C:\Users\DUC\.m2\repository\org\springframework\spring-context\6.1.5\spring-context-6.1.5.jar;C:\Users\DUC\.m2\repository\org\springframework\spring-beans\6.1.5\spring-beans-6.1.5.jar;C:\Users\DUC\.m2\repository\org\springframework\spring-expression\6.1.5\spring-expression-6.1.5.jar;C:\Users\DUC\.m2\repository\org\springframework\boot\spring-boot-autoconfigure\3.2.4\spring-boot-autoconfigure-3.2.4.jar;C:\Users\DUC\.m2\repository\org\springframework\boot\spring-boot-starter-logging\3.2.4\spring-boot-starter-logging-3.2.4.jar;C:\Users\DUC\.m2\repository\ch\qos\logback\logback-classic\1.4.14\logback-classic-1.4.14.jar;C:\Users\DUC\.m2\repository\ch\qos\logback\logback-core\1.4.14\logback-core-1.4.14.jar;C:\Users\DUC\.m2\repository\org\apache\logging\log4j\log4j-to-slf4j\2.21.1\log4j-to-slf4j-2.21.1.jar;C:\Users\DUC\.m2\repository\org\apache\logging\log4j\log4j-api\2.21.1\log4j-api-2.21.1.jar;C:\Users\DUC\.m2\repository\org\slf4j\jul-to-slf4j\2.0.12\jul-to-slf4j-2.0.12.jar;C:\Users\DUC\.m2\repository\jakarta\annotation\jakarta.annotation-api\2.1.1\jakarta.annotation-api-2.1.1.jar;C:\Users\DUC\.m2\repository\org\yaml\snakeyaml\2.2\snakeyaml-2.2.jar;C:\Users\DUC\.m2\repository\org\springframework\cloud\spring-cloud-context\4.1.2\spring-cloud-context-4.1.2.jar;C:\Users\DUC\.m2\reposit
Launcher Type: SUN_STANDARD

[Global flags]
     intx CICompilerCount                          = 3                                         {product} {ergonomic}
     uint ConcGCThreads                            = 1                                         {product} {ergonomic}
     uint G1ConcRefinementThreads                  = 4                                         {product} {ergonomic}
   size_t G1HeapRegionSize                         = 1048576                                   {product} {ergonomic}
    uintx GCDrainStackTargetSize                   = 64                                        {product} {ergonomic}
   size_t InitialHeapSize                          = 134217728                                 {product} {ergonomic}
   size_t MarkStackSize                            = 4194304                                   {product} {ergonomic}
   size_t MaxHeapSize                              = 2124414976                                {product} {ergonomic}
   size_t MinHeapDeltaBytes                        = 1048576                                   {product} {ergonomic}
   size_t MinHeapSize                              = 8388608                                   {product} {ergonomic}
    uintx NonNMethodCodeHeapSize                   = 5832780                                {pd product} {ergonomic}
    uintx NonProfiledCodeHeapSize                  = 122912730                              {pd product} {ergonomic}
    uintx ProfiledCodeHeapSize                     = 122912730                              {pd product} {ergonomic}
    uintx ReservedCodeCacheSize                    = 251658240                              {pd product} {ergonomic}
     bool SegmentedCodeCache                       = true                                      {product} {ergonomic}
   size_t SoftMaxHeapSize                          = 2124414976                             {manageable} {ergonomic}
     bool UseCompressedClassPointers               = true                           {product lp64_product} {ergonomic}
     bool UseCompressedOops                        = true                           {product lp64_product} {ergonomic}
     bool UseG1GC                                  = true                                      {product} {ergonomic}
     bool UseLargePagesIndividualAllocation        = false                                  {pd product} {ergonomic}

Logging:
Log output configuration:
 #0: stdout all=warning uptime,level,tags
 #1: stderr all=off uptime,level,tags

Environment Variables:
JAVA_HOME=C:\Program Files\Java\jdk-17
PATH=C:\Program Files\Common Files\Oracle\Java\javapath;C:\Program Files\apache-maven-3.9.6-bin\apache-maven-3.9.6\bin;C:\Program Files\Java\jdk-17\bin;C:\Windows\system32;C:\Windows;C:\Windows\System32\Wbem;C:\Windows\System32\WindowsPowerShell\v1.0\;C:\Windows\System32\OpenSSH\;C:\Program Files\dotnet\;C:\Program Files\nodejs\;D:\Git\cmd;C:\Program Files\Docker\Docker\resources\bin;C:\Program Files\Cloudflare\Cloudflare WARP\;C:\ProgramData\chocolatey\bin;C:\Users\DUC\AppData\Local\Microsoft\WindowsApps;;D:\Microsoft VS Code\bin;C:\Users\DUC\AppData\Roaming\npm
USERNAME=DUC
OS=Windows_NT
PROCESSOR_IDENTIFIER=Intel64 Family 6 Model 69 Stepping 1, GenuineIntel



---------------  S Y S T E M  ---------------

OS:
 Windows 10 , 64 bit Build 19041 (10.0.19041.3636)
OS uptime: 0 days 1:32 hours
Hyper-V role detected

CPU: total 4 (initial active 4) (2 cores per cpu, 2 threads per core) family 6 model 69 stepping 1 microcode 0x25, cx8, cmov, fxsr, ht, mmx, sse, sse2, sse3, ssse3, sse4.1, sse4.2, popcnt, lzcnt, tsc, tscinvbit, avx, avx2, aes, erms, clmul, bmi1, bmi2, fma, vzeroupper, clflush, hv

Memory: 4k page, system-wide physical 8097M (629M free)
TotalPageFile size 8097M (AvailPageFile size 20M)
current process WorkingSet (physical memory assigned to process): 10M, peak: 10M
current process commit charge ("private bytes"): 52M, peak: 179M

vm_info: Java HotSpot(TM) 64-Bit Server VM (17.0.9+11-LTS-201) for windows-amd64 JRE (17.0.9+11-LTS-201), built on Oct 10 2023 23:16:06 by "mach5one" with MS VC++ 17.1 (VS2022)

END.
