#
# There is insufficient memory for the Java Runtime Environment to continue.
# Native memory allocation (malloc) failed to allocate 1463280 bytes for Chunk::new
# Possible reasons:
#   The system is out of physical RAM or swap space
#   The process is running with CompressedOops enabled, and the Java Heap may be blocking the growth of the native heap
# Possible solutions:
#   Reduce memory load on the system
#   Increase physical memory or swap space
#   Check if swap backing store is full
#   Decrease Java heap size (-Xmx/-Xms)
#   Decrease number of Java threads
#   Decrease Java thread stack sizes (-Xss)
#   Set larger code cache with -XX:ReservedCodeCacheSize=
#   JVM is running with Unscaled Compressed Oops mode in which the Java heap is
#     placed in the first 4GB address space. The Java Heap base address is the
#     maximum limit for the native heap growth. Please use -XX:HeapBaseMinAddress
#     to set the Java Heap base and to place the Java Heap above 4GB virtual address.
# This output file may be truncated or incomplete.
#
#  Out of Memory Error (arena.cpp:189), pid=1276, tid=1896
#
# JRE version: Java(TM) SE Runtime Environment (17.0.9+11) (build 17.0.9+11-LTS-201)
# Java VM: Java HotSpot(TM) 64-Bit Server VM (17.0.9+11-LTS-201, mixed mode, sharing, tiered, compressed oops, compressed class ptrs, g1 gc, windows-amd64)
# No core dump will be written. Minidumps are not enabled by default on client versions of Windows
#

---------------  S U M M A R Y ------------

Command Line: -Dclassworlds.conf=C:\Program Files\apache-maven-3.9.6-bin\apache-maven-3.9.6\bin\m2.conf -Dmaven.home=C:\Program Files\apache-maven-3.9.6-bin\apache-maven-3.9.6 -Dlibrary.jansi.path=C:\Program Files\apache-maven-3.9.6-bin\apache-maven-3.9.6\lib\jansi-native -Dmaven.multiModuleProjectDirectory=D:\Downloads\PROGRAM\registry org.codehaus.plexus.classworlds.launcher.Launcher clean install jib:build

Host: Intel(R) Core(TM) i5-4300U CPU @ 1.90GHz, 4 cores, 7G,  Windows 10 , 64 bit Build 19041 (10.0.19041.3636)
Time: Tue May 14 08:11:11 2024 SE Asia Standard Time elapsed time: 2.733523 seconds (0d 0h 0m 2s)

---------------  T H R E A D  ---------------

Current thread (0x000001a1241f6020):  JavaThread "C2 CompilerThread1" daemon [_thread_in_native, id=1896, stack(0x0000004052400000,0x0000004052500000)]


Current CompileTask:
C2:   2733 2500       4       org.codehaus.plexus.util.xml.pull.MXParser::parseStartTag (1190 bytes)

Stack: [0x0000004052400000,0x0000004052500000]
Native frames: (J=compiled Java code, j=interpreted, Vv=VM code, C=native code)
V  [jvm.dll+0x678a4a]
V  [jvm.dll+0x7d9cfd]
V  [jvm.dll+0x7db60e]
V  [jvm.dll+0x7dbc73]
V  [jvm.dll+0x245e1f]
V  [jvm.dll+0xaaafb]
V  [jvm.dll+0xab09c]
V  [jvm.dll+0x36237e]
V  [jvm.dll+0x32ca01]
V  [jvm.dll+0x32be9a]
V  [jvm.dll+0x21812f]
V  [jvm.dll+0x217561]
V  [jvm.dll+0x1a3bc0]
V  [jvm.dll+0x2272de]
V  [jvm.dll+0x22548b]
V  [jvm.dll+0x78f58c]
V  [jvm.dll+0x78998a]
V  [jvm.dll+0x677875]
C  [ucrtbase.dll+0x21bb2]
C  [KERNEL32.DLL+0x17344]
C  [ntdll.dll+0x526b1]


---------------  P R O C E S S  ---------------

Threads class SMR info:
_java_thread_list=0x000001a1241e9530, length=13, elements={
0x000001a0c07554e0, 0x000001a0ddfe8600, 0x000001a0ddfe9480, 0x000001a0de003960,
0x000001a0de004520, 0x000001a0de006ef0, 0x000001a0de0078b0, 0x000001a0de00baa0,
0x000001a0de0144b0, 0x000001a0de0216a0, 0x000001a0de24a390, 0x000001a0de248a40,
0x000001a1241f6020
}

Java Threads: ( => current thread )
  0x000001a0c07554e0 JavaThread "main" [_thread_in_vm, id=1596, stack(0x0000004051100000,0x0000004051200000)]
  0x000001a0ddfe8600 JavaThread "Reference Handler" daemon [_thread_blocked, id=9304, stack(0x0000004051800000,0x0000004051900000)]
  0x000001a0ddfe9480 JavaThread "Finalizer" daemon [_thread_blocked, id=1912, stack(0x0000004051900000,0x0000004051a00000)]
  0x000001a0de003960 JavaThread "Signal Dispatcher" daemon [_thread_blocked, id=1920, stack(0x0000004051a00000,0x0000004051b00000)]
  0x000001a0de004520 JavaThread "Attach Listener" daemon [_thread_blocked, id=1984, stack(0x0000004051b00000,0x0000004051c00000)]
  0x000001a0de006ef0 JavaThread "Service Thread" daemon [_thread_blocked, id=6544, stack(0x0000004051c00000,0x0000004051d00000)]
  0x000001a0de0078b0 JavaThread "Monitor Deflation Thread" daemon [_thread_blocked, id=2116, stack(0x0000004051d00000,0x0000004051e00000)]
  0x000001a0de00baa0 JavaThread "C2 CompilerThread0" daemon [_thread_in_native, id=2856, stack(0x0000004051e00000,0x0000004051f00000)]
  0x000001a0de0144b0 JavaThread "C1 CompilerThread0" daemon [_thread_blocked, id=5076, stack(0x0000004051f00000,0x0000004052000000)]
  0x000001a0de0216a0 JavaThread "Sweeper thread" daemon [_thread_blocked, id=3660, stack(0x0000004052000000,0x0000004052100000)]
  0x000001a0de24a390 JavaThread "Notification Thread" daemon [_thread_blocked, id=3108, stack(0x0000004052100000,0x0000004052200000)]
  0x000001a0de248a40 JavaThread "Common-Cleaner" daemon [_thread_blocked, id=2224, stack(0x0000004052300000,0x0000004052400000)]
=>0x000001a1241f6020 JavaThread "C2 CompilerThread1" daemon [_thread_in_native, id=1896, stack(0x0000004052400000,0x0000004052500000)]

Other Threads:
  0x000001a0ddfe39f0 VMThread "VM Thread" [stack: 0x0000004051700000,0x0000004051800000] [id=3848]
  0x000001a0ddfeded0 WatcherThread [stack: 0x0000004052200000,0x0000004052300000] [id=3184]
  0x000001a0c07af770 GCTaskThread "GC Thread#0" [stack: 0x0000004051200000,0x0000004051300000] [id=8808]
  0x000001a0de269490 GCTaskThread "GC Thread#1" [stack: 0x0000004052500000,0x0000004052600000] [id=2228]
  0x000001a0de269750 GCTaskThread "GC Thread#2" [stack: 0x0000004052600000,0x0000004052700000] [id=6980]
  0x000001a0de2691d0 GCTaskThread "GC Thread#3" [stack: 0x0000004052700000,0x0000004052800000] [id=2204]
  0x000001a0c07c1410 ConcurrentGCThread "G1 Main Marker" [stack: 0x0000004051300000,0x0000004051400000] [id=9088]
  0x000001a0c07c25c0 ConcurrentGCThread "G1 Conc#0" [stack: 0x0000004051400000,0x0000004051500000] [id=1892]
  0x000001a0ddea0090 ConcurrentGCThread "G1 Refine#0" [stack: 0x0000004051500000,0x0000004051600000] [id=2692]
  0x000001a0de2cfc30 ConcurrentGCThread "G1 Refine#1" [stack: 0x0000004052800000,0x0000004052900000] [id=9232]
  0x000001a0ddea0ac0 ConcurrentGCThread "G1 Service" [stack: 0x0000004051600000,0x0000004051700000] [id=1804]

Threads with active compile tasks:
C2 CompilerThread0     2772 2510       4       org.codehaus.plexus.util.xml.pull.MXParser::nextImpl (1203 bytes)
C2 CompilerThread1     2772 2500       4       org.codehaus.plexus.util.xml.pull.MXParser::parseStartTag (1190 bytes)

VM state: not at safepoint (normal execution)

VM Mutex/Monitor currently owned by a thread: None

Heap address: 0x0000000081600000, size: 2026 MB, Compressed Oops mode: 32-bit

CDS archive(s) mapped at: [0x000001a0df000000-0x000001a0dfbd0000-0x000001a0dfbd0000), size 12386304, SharedBaseAddress: 0x000001a0df000000, ArchiveRelocationMode: 1.
Compressed class space mapped at: 0x000001a0e0000000-0x000001a120000000, reserved size: 1073741824
Narrow klass base: 0x000001a0df000000, Narrow klass shift: 0, Narrow klass range: 0x100000000

GC Precious Log:
 CPUs: 4 total, 4 available
 Memory: 8097M
 Large Page Support: Disabled
 NUMA Support: Disabled
 Compressed Oops: Enabled (32-bit)
 Heap Region Size: 1M
 Heap Min Capacity: 8M
 Heap Initial Capacity: 128M
 Heap Max Capacity: 2026M
 Pre-touch: Disabled
 Parallel Workers: 4
 Concurrent Workers: 1
 Concurrent Refinement Workers: 4
 Periodic GC: Disabled

Heap:
 garbage-first heap   total 131072K, used 27210K [0x0000000081600000, 0x0000000100000000)
  region size 1024K, 25 young (25600K), 3 survivors (3072K)
 Metaspace       used 14589K, committed 14784K, reserved 1114112K
  class space    used 1777K, committed 1856K, reserved 1048576K

Heap Regions: E=young(eden), S=young(survivor), O=old, HS=humongous(starts), HC=humongous(continues), CS=collection set, F=free, OA=open archive, CA=closed archive, TAMS=top-at-mark-start (previous, next)
|   0|0x0000000081600000, 0x0000000081700000, 0x0000000081700000|100%| O|  |TAMS 0x0000000081600000, 0x0000000081600000| Untracked 
|   1|0x0000000081700000, 0x0000000081800000, 0x0000000081800000|100%| O|  |TAMS 0x0000000081700000, 0x0000000081700000| Untracked 
|   2|0x0000000081800000, 0x0000000081900000, 0x0000000081900000|100%| O|  |TAMS 0x0000000081800000, 0x0000000081800000| Untracked 
|   3|0x0000000081900000, 0x0000000081954200, 0x0000000081a00000| 32%| O|  |TAMS 0x0000000081900000, 0x0000000081900000| Untracked 
|   4|0x0000000081a00000, 0x0000000081a00000, 0x0000000081b00000|  0%| F|  |TAMS 0x0000000081a00000, 0x0000000081a00000| Untracked 
|   5|0x0000000081b00000, 0x0000000081b00000, 0x0000000081c00000|  0%| F|  |TAMS 0x0000000081b00000, 0x0000000081b00000| Untracked 
|   6|0x0000000081c00000, 0x0000000081c00000, 0x0000000081d00000|  0%| F|  |TAMS 0x0000000081c00000, 0x0000000081c00000| Untracked 
|   7|0x0000000081d00000, 0x0000000081d00000, 0x0000000081e00000|  0%| F|  |TAMS 0x0000000081d00000, 0x0000000081d00000| Untracked 
|   8|0x0000000081e00000, 0x0000000081e00000, 0x0000000081f00000|  0%| F|  |TAMS 0x0000000081e00000, 0x0000000081e00000| Untracked 
|   9|0x0000000081f00000, 0x0000000081f00000, 0x0000000082000000|  0%| F|  |TAMS 0x0000000081f00000, 0x0000000081f00000| Untracked 
|  10|0x0000000082000000, 0x0000000082000000, 0x0000000082100000|  0%| F|  |TAMS 0x0000000082000000, 0x0000000082000000| Untracked 
|  11|0x0000000082100000, 0x0000000082100000, 0x0000000082200000|  0%| F|  |TAMS 0x0000000082100000, 0x0000000082100000| Untracked 
|  12|0x0000000082200000, 0x0000000082200000, 0x0000000082300000|  0%| F|  |TAMS 0x0000000082200000, 0x0000000082200000| Untracked 
|  13|0x0000000082300000, 0x0000000082300000, 0x0000000082400000|  0%| F|  |TAMS 0x0000000082300000, 0x0000000082300000| Untracked 
|  14|0x0000000082400000, 0x0000000082400000, 0x0000000082500000|  0%| F|  |TAMS 0x0000000082400000, 0x0000000082400000| Untracked 
|  15|0x0000000082500000, 0x0000000082500000, 0x0000000082600000|  0%| F|  |TAMS 0x0000000082500000, 0x0000000082500000| Untracked 
|  16|0x0000000082600000, 0x0000000082600000, 0x0000000082700000|  0%| F|  |TAMS 0x0000000082600000, 0x0000000082600000| Untracked 
|  17|0x0000000082700000, 0x0000000082700000, 0x0000000082800000|  0%| F|  |TAMS 0x0000000082700000, 0x0000000082700000| Untracked 
|  18|0x0000000082800000, 0x0000000082800000, 0x0000000082900000|  0%| F|  |TAMS 0x0000000082800000, 0x0000000082800000| Untracked 
|  19|0x0000000082900000, 0x0000000082900000, 0x0000000082a00000|  0%| F|  |TAMS 0x0000000082900000, 0x0000000082900000| Untracked 
|  20|0x0000000082a00000, 0x0000000082a00000, 0x0000000082b00000|  0%| F|  |TAMS 0x0000000082a00000, 0x0000000082a00000| Untracked 
|  21|0x0000000082b00000, 0x0000000082b00000, 0x0000000082c00000|  0%| F|  |TAMS 0x0000000082b00000, 0x0000000082b00000| Untracked 
|  22|0x0000000082c00000, 0x0000000082c00000, 0x0000000082d00000|  0%| F|  |TAMS 0x0000000082c00000, 0x0000000082c00000| Untracked 
|  23|0x0000000082d00000, 0x0000000082d00000, 0x0000000082e00000|  0%| F|  |TAMS 0x0000000082d00000, 0x0000000082d00000| Untracked 
|  24|0x0000000082e00000, 0x0000000082e00000, 0x0000000082f00000|  0%| F|  |TAMS 0x0000000082e00000, 0x0000000082e00000| Untracked 
|  25|0x0000000082f00000, 0x0000000082f00000, 0x0000000083000000|  0%| F|  |TAMS 0x0000000082f00000, 0x0000000082f00000| Untracked 
|  26|0x0000000083000000, 0x0000000083000000, 0x0000000083100000|  0%| F|  |TAMS 0x0000000083000000, 0x0000000083000000| Untracked 
|  27|0x0000000083100000, 0x0000000083100000, 0x0000000083200000|  0%| F|  |TAMS 0x0000000083100000, 0x0000000083100000| Untracked 
|  28|0x0000000083200000, 0x0000000083200000, 0x0000000083300000|  0%| F|  |TAMS 0x0000000083200000, 0x0000000083200000| Untracked 
|  29|0x0000000083300000, 0x0000000083300000, 0x0000000083400000|  0%| F|  |TAMS 0x0000000083300000, 0x0000000083300000| Untracked 
|  30|0x0000000083400000, 0x0000000083400000, 0x0000000083500000|  0%| F|  |TAMS 0x0000000083400000, 0x0000000083400000| Untracked 
|  31|0x0000000083500000, 0x0000000083500000, 0x0000000083600000|  0%| F|  |TAMS 0x0000000083500000, 0x0000000083500000| Untracked 
|  32|0x0000000083600000, 0x0000000083600000, 0x0000000083700000|  0%| F|  |TAMS 0x0000000083600000, 0x0000000083600000| Untracked 
|  33|0x0000000083700000, 0x0000000083700000, 0x0000000083800000|  0%| F|  |TAMS 0x0000000083700000, 0x0000000083700000| Untracked 
|  34|0x0000000083800000, 0x0000000083800000, 0x0000000083900000|  0%| F|  |TAMS 0x0000000083800000, 0x0000000083800000| Untracked 
|  35|0x0000000083900000, 0x0000000083900000, 0x0000000083a00000|  0%| F|  |TAMS 0x0000000083900000, 0x0000000083900000| Untracked 
|  36|0x0000000083a00000, 0x0000000083a00000, 0x0000000083b00000|  0%| F|  |TAMS 0x0000000083a00000, 0x0000000083a00000| Untracked 
|  37|0x0000000083b00000, 0x0000000083b00000, 0x0000000083c00000|  0%| F|  |TAMS 0x0000000083b00000, 0x0000000083b00000| Untracked 
|  38|0x0000000083c00000, 0x0000000083c00000, 0x0000000083d00000|  0%| F|  |TAMS 0x0000000083c00000, 0x0000000083c00000| Untracked 
|  39|0x0000000083d00000, 0x0000000083d00000, 0x0000000083e00000|  0%| F|  |TAMS 0x0000000083d00000, 0x0000000083d00000| Untracked 
|  40|0x0000000083e00000, 0x0000000083e00000, 0x0000000083f00000|  0%| F|  |TAMS 0x0000000083e00000, 0x0000000083e00000| Untracked 
|  41|0x0000000083f00000, 0x0000000083f00000, 0x0000000084000000|  0%| F|  |TAMS 0x0000000083f00000, 0x0000000083f00000| Untracked 
|  42|0x0000000084000000, 0x0000000084000000, 0x0000000084100000|  0%| F|  |TAMS 0x0000000084000000, 0x0000000084000000| Untracked 
|  43|0x0000000084100000, 0x0000000084100000, 0x0000000084200000|  0%| F|  |TAMS 0x0000000084100000, 0x0000000084100000| Untracked 
|  44|0x0000000084200000, 0x0000000084200000, 0x0000000084300000|  0%| F|  |TAMS 0x0000000084200000, 0x0000000084200000| Untracked 
|  45|0x0000000084300000, 0x0000000084300000, 0x0000000084400000|  0%| F|  |TAMS 0x0000000084300000, 0x0000000084300000| Untracked 
|  46|0x0000000084400000, 0x0000000084400000, 0x0000000084500000|  0%| F|  |TAMS 0x0000000084400000, 0x0000000084400000| Untracked 
|  47|0x0000000084500000, 0x0000000084500000, 0x0000000084600000|  0%| F|  |TAMS 0x0000000084500000, 0x0000000084500000| Untracked 
|  48|0x0000000084600000, 0x0000000084600000, 0x0000000084700000|  0%| F|  |TAMS 0x0000000084600000, 0x0000000084600000| Untracked 
|  49|0x0000000084700000, 0x0000000084700000, 0x0000000084800000|  0%| F|  |TAMS 0x0000000084700000, 0x0000000084700000| Untracked 
|  50|0x0000000084800000, 0x0000000084800000, 0x0000000084900000|  0%| F|  |TAMS 0x0000000084800000, 0x0000000084800000| Untracked 
|  51|0x0000000084900000, 0x0000000084900000, 0x0000000084a00000|  0%| F|  |TAMS 0x0000000084900000, 0x0000000084900000| Untracked 
|  52|0x0000000084a00000, 0x0000000084a00000, 0x0000000084b00000|  0%| F|  |TAMS 0x0000000084a00000, 0x0000000084a00000| Untracked 
|  53|0x0000000084b00000, 0x0000000084b00000, 0x0000000084c00000|  0%| F|  |TAMS 0x0000000084b00000, 0x0000000084b00000| Untracked 
|  54|0x0000000084c00000, 0x0000000084c00000, 0x0000000084d00000|  0%| F|  |TAMS 0x0000000084c00000, 0x0000000084c00000| Untracked 
|  55|0x0000000084d00000, 0x0000000084d00000, 0x0000000084e00000|  0%| F|  |TAMS 0x0000000084d00000, 0x0000000084d00000| Untracked 
|  56|0x0000000084e00000, 0x0000000084e00000, 0x0000000084f00000|  0%| F|  |TAMS 0x0000000084e00000, 0x0000000084e00000| Untracked 
|  57|0x0000000084f00000, 0x0000000084f00000, 0x0000000085000000|  0%| F|  |TAMS 0x0000000084f00000, 0x0000000084f00000| Untracked 
|  58|0x0000000085000000, 0x0000000085000000, 0x0000000085100000|  0%| F|  |TAMS 0x0000000085000000, 0x0000000085000000| Untracked 
|  59|0x0000000085100000, 0x0000000085100000, 0x0000000085200000|  0%| F|  |TAMS 0x0000000085100000, 0x0000000085100000| Untracked 
|  60|0x0000000085200000, 0x0000000085200000, 0x0000000085300000|  0%| F|  |TAMS 0x0000000085200000, 0x0000000085200000| Untracked 
|  61|0x0000000085300000, 0x0000000085300000, 0x0000000085400000|  0%| F|  |TAMS 0x0000000085300000, 0x0000000085300000| Untracked 
|  62|0x0000000085400000, 0x0000000085400000, 0x0000000085500000|  0%| F|  |TAMS 0x0000000085400000, 0x0000000085400000| Untracked 
|  63|0x0000000085500000, 0x0000000085500000, 0x0000000085600000|  0%| F|  |TAMS 0x0000000085500000, 0x0000000085500000| Untracked 
|  64|0x0000000085600000, 0x0000000085600000, 0x0000000085700000|  0%| F|  |TAMS 0x0000000085600000, 0x0000000085600000| Untracked 
|  65|0x0000000085700000, 0x0000000085700000, 0x0000000085800000|  0%| F|  |TAMS 0x0000000085700000, 0x0000000085700000| Untracked 
|  66|0x0000000085800000, 0x0000000085800000, 0x0000000085900000|  0%| F|  |TAMS 0x0000000085800000, 0x0000000085800000| Untracked 
|  67|0x0000000085900000, 0x0000000085900000, 0x0000000085a00000|  0%| F|  |TAMS 0x0000000085900000, 0x0000000085900000| Untracked 
|  68|0x0000000085a00000, 0x0000000085a00000, 0x0000000085b00000|  0%| F|  |TAMS 0x0000000085a00000, 0x0000000085a00000| Untracked 
|  69|0x0000000085b00000, 0x0000000085b00000, 0x0000000085c00000|  0%| F|  |TAMS 0x0000000085b00000, 0x0000000085b00000| Untracked 
|  70|0x0000000085c00000, 0x0000000085c00000, 0x0000000085d00000|  0%| F|  |TAMS 0x0000000085c00000, 0x0000000085c00000| Untracked 
|  71|0x0000000085d00000, 0x0000000085d00000, 0x0000000085e00000|  0%| F|  |TAMS 0x0000000085d00000, 0x0000000085d00000| Untracked 
|  72|0x0000000085e00000, 0x0000000085e00000, 0x0000000085f00000|  0%| F|  |TAMS 0x0000000085e00000, 0x0000000085e00000| Untracked 
|  73|0x0000000085f00000, 0x0000000085f00000, 0x0000000086000000|  0%| F|  |TAMS 0x0000000085f00000, 0x0000000085f00000| Untracked 
|  74|0x0000000086000000, 0x0000000086000000, 0x0000000086100000|  0%| F|  |TAMS 0x0000000086000000, 0x0000000086000000| Untracked 
|  75|0x0000000086100000, 0x0000000086100000, 0x0000000086200000|  0%| F|  |TAMS 0x0000000086100000, 0x0000000086100000| Untracked 
|  76|0x0000000086200000, 0x0000000086200000, 0x0000000086300000|  0%| F|  |TAMS 0x0000000086200000, 0x0000000086200000| Untracked 
|  77|0x0000000086300000, 0x0000000086300000, 0x0000000086400000|  0%| F|  |TAMS 0x0000000086300000, 0x0000000086300000| Untracked 
|  78|0x0000000086400000, 0x0000000086400000, 0x0000000086500000|  0%| F|  |TAMS 0x0000000086400000, 0x0000000086400000| Untracked 
|  79|0x0000000086500000, 0x0000000086500000, 0x0000000086600000|  0%| F|  |TAMS 0x0000000086500000, 0x0000000086500000| Untracked 
|  80|0x0000000086600000, 0x0000000086600000, 0x0000000086700000|  0%| F|  |TAMS 0x0000000086600000, 0x0000000086600000| Untracked 
|  81|0x0000000086700000, 0x0000000086700000, 0x0000000086800000|  0%| F|  |TAMS 0x0000000086700000, 0x0000000086700000| Untracked 
|  82|0x0000000086800000, 0x0000000086800000, 0x0000000086900000|  0%| F|  |TAMS 0x0000000086800000, 0x0000000086800000| Untracked 
|  83|0x0000000086900000, 0x0000000086900000, 0x0000000086a00000|  0%| F|  |TAMS 0x0000000086900000, 0x0000000086900000| Untracked 
|  84|0x0000000086a00000, 0x0000000086a00000, 0x0000000086b00000|  0%| F|  |TAMS 0x0000000086a00000, 0x0000000086a00000| Untracked 
|  85|0x0000000086b00000, 0x0000000086b00000, 0x0000000086c00000|  0%| F|  |TAMS 0x0000000086b00000, 0x0000000086b00000| Untracked 
|  86|0x0000000086c00000, 0x0000000086c00000, 0x0000000086d00000|  0%| F|  |TAMS 0x0000000086c00000, 0x0000000086c00000| Untracked 
|  87|0x0000000086d00000, 0x0000000086d00000, 0x0000000086e00000|  0%| F|  |TAMS 0x0000000086d00000, 0x0000000086d00000| Untracked 
|  88|0x0000000086e00000, 0x0000000086e00000, 0x0000000086f00000|  0%| F|  |TAMS 0x0000000086e00000, 0x0000000086e00000| Untracked 
|  89|0x0000000086f00000, 0x0000000086f00000, 0x0000000087000000|  0%| F|  |TAMS 0x0000000086f00000, 0x0000000086f00000| Untracked 
|  90|0x0000000087000000, 0x0000000087000000, 0x0000000087100000|  0%| F|  |TAMS 0x0000000087000000, 0x0000000087000000| Untracked 
|  91|0x0000000087100000, 0x0000000087100000, 0x0000000087200000|  0%| F|  |TAMS 0x0000000087100000, 0x0000000087100000| Untracked 
|  92|0x0000000087200000, 0x0000000087200000, 0x0000000087300000|  0%| F|  |TAMS 0x0000000087200000, 0x0000000087200000| Untracked 
|  93|0x0000000087300000, 0x0000000087300000, 0x0000000087400000|  0%| F|  |TAMS 0x0000000087300000, 0x0000000087300000| Untracked 
|  94|0x0000000087400000, 0x0000000087400000, 0x0000000087500000|  0%| F|  |TAMS 0x0000000087400000, 0x0000000087400000| Untracked 
|  95|0x0000000087500000, 0x000000008753e698, 0x0000000087600000| 24%| S|CS|TAMS 0x0000000087500000, 0x0000000087500000| Complete 
|  96|0x0000000087600000, 0x0000000087700000, 0x0000000087700000|100%| S|CS|TAMS 0x0000000087600000, 0x0000000087600000| Complete 
|  97|0x0000000087700000, 0x0000000087800000, 0x0000000087800000|100%| S|CS|TAMS 0x0000000087700000, 0x0000000087700000| Complete 
|  98|0x0000000087800000, 0x0000000087800000, 0x0000000087900000|  0%| F|  |TAMS 0x0000000087800000, 0x0000000087800000| Untracked 
|  99|0x0000000087900000, 0x0000000087900000, 0x0000000087a00000|  0%| F|  |TAMS 0x0000000087900000, 0x0000000087900000| Untracked 
| 100|0x0000000087a00000, 0x0000000087a00000, 0x0000000087b00000|  0%| F|  |TAMS 0x0000000087a00000, 0x0000000087a00000| Untracked 
| 101|0x0000000087b00000, 0x0000000087b00000, 0x0000000087c00000|  0%| F|  |TAMS 0x0000000087b00000, 0x0000000087b00000| Untracked 
| 102|0x0000000087c00000, 0x0000000087c00000, 0x0000000087d00000|  0%| F|  |TAMS 0x0000000087c00000, 0x0000000087c00000| Untracked 
| 103|0x0000000087d00000, 0x0000000087d00000, 0x0000000087e00000|  0%| F|  |TAMS 0x0000000087d00000, 0x0000000087d00000| Untracked 
| 104|0x0000000087e00000, 0x0000000087e00000, 0x0000000087f00000|  0%| F|  |TAMS 0x0000000087e00000, 0x0000000087e00000| Untracked 
| 105|0x0000000087f00000, 0x0000000087f80800, 0x0000000088000000| 50%| E|  |TAMS 0x0000000087f00000, 0x0000000087f00000| Complete 
| 106|0x0000000088000000, 0x0000000088100000, 0x0000000088100000|100%| E|CS|TAMS 0x0000000088000000, 0x0000000088000000| Complete 
| 107|0x0000000088100000, 0x0000000088200000, 0x0000000088200000|100%| E|CS|TAMS 0x0000000088100000, 0x0000000088100000| Complete 
| 108|0x0000000088200000, 0x0000000088300000, 0x0000000088300000|100%| E|CS|TAMS 0x0000000088200000, 0x0000000088200000| Complete 
| 109|0x0000000088300000, 0x0000000088400000, 0x0000000088400000|100%| E|CS|TAMS 0x0000000088300000, 0x0000000088300000| Complete 
| 110|0x0000000088400000, 0x0000000088500000, 0x0000000088500000|100%| E|CS|TAMS 0x0000000088400000, 0x0000000088400000| Complete 
| 111|0x0000000088500000, 0x0000000088600000, 0x0000000088600000|100%| E|CS|TAMS 0x0000000088500000, 0x0000000088500000| Complete 
| 112|0x0000000088600000, 0x0000000088700000, 0x0000000088700000|100%| E|CS|TAMS 0x0000000088600000, 0x0000000088600000| Complete 
| 113|0x0000000088700000, 0x0000000088800000, 0x0000000088800000|100%| E|CS|TAMS 0x0000000088700000, 0x0000000088700000| Complete 
| 114|0x0000000088800000, 0x0000000088900000, 0x0000000088900000|100%| E|CS|TAMS 0x0000000088800000, 0x0000000088800000| Complete 
| 115|0x0000000088900000, 0x0000000088a00000, 0x0000000088a00000|100%| E|CS|TAMS 0x0000000088900000, 0x0000000088900000| Complete 
| 116|0x0000000088a00000, 0x0000000088b00000, 0x0000000088b00000|100%| E|CS|TAMS 0x0000000088a00000, 0x0000000088a00000| Complete 
| 117|0x0000000088b00000, 0x0000000088c00000, 0x0000000088c00000|100%| E|CS|TAMS 0x0000000088b00000, 0x0000000088b00000| Complete 
| 118|0x0000000088c00000, 0x0000000088d00000, 0x0000000088d00000|100%| E|CS|TAMS 0x0000000088c00000, 0x0000000088c00000| Complete 
| 119|0x0000000088d00000, 0x0000000088e00000, 0x0000000088e00000|100%| E|CS|TAMS 0x0000000088d00000, 0x0000000088d00000| Complete 
| 120|0x0000000088e00000, 0x0000000088f00000, 0x0000000088f00000|100%| E|CS|TAMS 0x0000000088e00000, 0x0000000088e00000| Complete 
| 121|0x0000000088f00000, 0x0000000089000000, 0x0000000089000000|100%| E|CS|TAMS 0x0000000088f00000, 0x0000000088f00000| Complete 
| 122|0x0000000089000000, 0x0000000089100000, 0x0000000089100000|100%| E|CS|TAMS 0x0000000089000000, 0x0000000089000000| Complete 
| 123|0x0000000089100000, 0x0000000089200000, 0x0000000089200000|100%| E|CS|TAMS 0x0000000089100000, 0x0000000089100000| Complete 
| 124|0x0000000089200000, 0x0000000089300000, 0x0000000089300000|100%| E|CS|TAMS 0x0000000089200000, 0x0000000089200000| Complete 
| 125|0x0000000089300000, 0x0000000089400000, 0x0000000089400000|100%| E|CS|TAMS 0x0000000089300000, 0x0000000089300000| Complete 
| 126|0x0000000089400000, 0x0000000089500000, 0x0000000089500000|100%| E|CS|TAMS 0x0000000089400000, 0x0000000089400000| Complete 
| 127|0x0000000089500000, 0x0000000089600000, 0x0000000089600000|100%| E|CS|TAMS 0x0000000089500000, 0x0000000089500000| Complete 

Card table byte_map: [0x000001a0d7400000,0x000001a0d7800000] _byte_map_base: 0x000001a0d6ff5000

Marking Bits (Prev, Next): (CMBitMap*) 0x000001a0c07b0da0, (CMBitMap*) 0x000001a0c07b0de0
 Prev Bits: [0x000001a0d7c00000, 0x000001a0d9ba8000)
 Next Bits: [0x000001a0d9bb0000, 0x000001a0dbb58000)

Polling page: 0x000001a0be6d0000

Metaspace:

Usage:
  Non-class:     12.52 MB used.
      Class:      1.74 MB used.
       Both:     14.26 MB used.

Virtual space:
  Non-class space:       64.00 MB reserved,      12.62 MB ( 20%) committed,  1 nodes.
      Class space:        1.00 GB reserved,       1.81 MB ( <1%) committed,  1 nodes.
             Both:        1.06 GB reserved,      14.44 MB (  1%) committed. 

Chunk freelists:
   Non-Class:  2.52 MB
       Class:  14.02 MB
        Both:  16.53 MB

MaxMetaspaceSize: unlimited
CompressedClassSpaceSize: 1.00 GB
Initial GC threshold: 21.00 MB
Current GC threshold: 21.00 MB
CDS: on
MetaspaceReclaimPolicy: balanced
 - commit_granule_bytes: 65536.
 - commit_granule_words: 8192.
 - virtual_space_node_default_size: 8388608.
 - enlarge_chunks_in_place: 1.
 - new_chunks_are_fully_committed: 0.
 - uncommit_free_chunks: 1.
 - use_allocation_guard: 0.
 - handle_deallocations: 1.


Internal statistics:

num_allocs_failed_limit: 0.
num_arena_births: 72.
num_arena_deaths: 0.
num_vsnodes_births: 2.
num_vsnodes_deaths: 0.
num_space_committed: 231.
num_space_uncommitted: 0.
num_chunks_returned_to_freelist: 0.
num_chunks_taken_from_freelist: 577.
num_chunk_merges: 0.
num_chunk_splits: 406.
num_chunks_enlarged: 330.
num_inconsistent_stats: 0.

CodeHeap 'non-profiled nmethods': size=120000Kb used=1002Kb max_used=1002Kb free=118997Kb
 bounds [0x000001a0cfad0000, 0x000001a0cfd40000, 0x000001a0d7000000]
CodeHeap 'profiled nmethods': size=120000Kb used=5308Kb max_used=5308Kb free=114691Kb
 bounds [0x000001a0c8000000, 0x000001a0c8530000, 0x000001a0cf530000]
CodeHeap 'non-nmethods': size=5760Kb used=1177Kb max_used=1213Kb free=4582Kb
 bounds [0x000001a0cf530000, 0x000001a0cf7a0000, 0x000001a0cfad0000]
 total_blobs=3096 nmethods=2626 adapters=382
 compilation: enabled
              stopped_count=0, restarted_count=0
 full_count=0

Compilation events (20 events):
Event: 2.708 Thread 0x000001a0de0144b0 2592       1       com.google.inject.internal.InjectorBindingData::getIndexedExplicitBindings (5 bytes)
Event: 2.708 Thread 0x000001a0de0144b0 nmethod 2592 0x000001a0cfbc9010 code [0x000001a0cfbc91a0, 0x000001a0cfbc9278]
Event: 2.709 Thread 0x000001a0de0144b0 2593       3       java.lang.Class$Atomic::casAnnotationData (13 bytes)
Event: 2.709 Thread 0x000001a0de0144b0 nmethod 2593 0x000001a0c851bf10 code [0x000001a0c851c0a0, 0x000001a0c851c1f8]
Event: 2.709 Thread 0x000001a0de0144b0 2594       3       java.util.Collections$UnmodifiableList::get (11 bytes)
Event: 2.709 Thread 0x000001a0de0144b0 nmethod 2594 0x000001a0c851c290 code [0x000001a0c851c440, 0x000001a0c851c608]
Event: 2.709 Thread 0x000001a0de0144b0 2595       3       com.google.common.collect.AbstractMapBasedMultimap$WrappedList::get (15 bytes)
Event: 2.710 Thread 0x000001a0de0144b0 nmethod 2595 0x000001a0c851c710 code [0x000001a0c851c8e0, 0x000001a0c851ce18]
Event: 2.710 Thread 0x000001a0de0144b0 2596       3       com.google.common.collect.AbstractMapBasedMultimap$WrappedList::getListDelegate (8 bytes)
Event: 2.710 Thread 0x000001a0de0144b0 nmethod 2596 0x000001a0c851cf90 code [0x000001a0c851d120, 0x000001a0c851d3d8]
Event: 2.710 Thread 0x000001a0de0144b0 2597       3       org.eclipse.sisu.inject.QualifyingStrategy::qualify (54 bytes)
Event: 2.711 Thread 0x000001a0de0144b0 nmethod 2597 0x000001a0c851d490 code [0x000001a0c851d6c0, 0x000001a0c851e088]
Event: 2.711 Thread 0x000001a0de0144b0 2598       2       java.lang.Character::toLowerCase (9 bytes)
Event: 2.712 Thread 0x000001a0de0144b0 nmethod 2598 0x000001a0c851e290 code [0x000001a0c851e440, 0x000001a0c851e578]
Event: 2.712 Thread 0x000001a0de0144b0 2599       3       org.eclipse.sisu.bean.BeanPropertyIterator::hasNext (127 bytes)
Event: 2.713 Thread 0x000001a0de0144b0 nmethod 2599 0x000001a0c851e610 code [0x000001a0c851e8c0, 0x000001a0c851fb48]
Event: 2.717 Thread 0x000001a0de0144b0 2600       3       java.util.WeakHashMap::get (75 bytes)
Event: 2.718 Thread 0x000001a0de0144b0 nmethod 2600 0x000001a0c851ff10 code [0x000001a0c8520140, 0x000001a0c8520a18]
Event: 2.720 Thread 0x000001a0de0144b0 2601   !   3       com.google.inject.internal.FailableCache$1::load (48 bytes)
Event: 2.720 Thread 0x000001a0de0144b0 nmethod 2601 0x000001a0c8520d90 code [0x000001a0c8520f80, 0x000001a0c85215c8]

GC Heap History (6 events):
Event: 0.665 GC heap before
{Heap before GC invocations=0 (full 0):
 garbage-first heap   total 131072K, used 12288K [0x0000000081600000, 0x0000000100000000)
  region size 1024K, 13 young (13312K), 0 survivors (0K)
 Metaspace       used 3726K, committed 3904K, reserved 1114112K
  class space    used 403K, committed 512K, reserved 1048576K
}
Event: 0.670 GC heap after
{Heap after GC invocations=1 (full 0):
 garbage-first heap   total 131072K, used 3271K [0x0000000081600000, 0x0000000100000000)
  region size 1024K, 2 young (2048K), 2 survivors (2048K)
 Metaspace       used 3726K, committed 3904K, reserved 1114112K
  class space    used 403K, committed 512K, reserved 1048576K
}
Event: 0.976 GC heap before
{Heap before GC invocations=1 (full 0):
 garbage-first heap   total 131072K, used 14535K [0x0000000081600000, 0x0000000100000000)
  region size 1024K, 14 young (14336K), 2 survivors (2048K)
 Metaspace       used 5623K, committed 5824K, reserved 1114112K
  class space    used 679K, committed 768K, reserved 1048576K
}
Event: 0.980 GC heap after
{Heap after GC invocations=2 (full 0):
 garbage-first heap   total 131072K, used 4081K [0x0000000081600000, 0x0000000100000000)
  region size 1024K, 1 young (1024K), 1 survivors (1024K)
 Metaspace       used 5623K, committed 5824K, reserved 1114112K
  class space    used 679K, committed 768K, reserved 1048576K
}
Event: 1.812 GC heap before
{Heap before GC invocations=2 (full 0):
 garbage-first heap   total 131072K, used 33777K [0x0000000081600000, 0x0000000100000000)
  region size 1024K, 30 young (30720K), 1 survivors (1024K)
 Metaspace       used 10218K, committed 10368K, reserved 1114112K
  class space    used 1247K, committed 1344K, reserved 1048576K
}
Event: 1.817 GC heap after
{Heap after GC invocations=3 (full 0):
 garbage-first heap   total 131072K, used 5706K [0x0000000081600000, 0x0000000100000000)
  region size 1024K, 3 young (3072K), 3 survivors (3072K)
 Metaspace       used 10218K, committed 10368K, reserved 1114112K
  class space    used 1247K, committed 1344K, reserved 1048576K
}

Deoptimization events (20 events):
Event: 2.628 Thread 0x000001a0c07554e0 Uncommon trap: trap_request=0xffffffc6 fr.pc=0x000001a0cfba40e4 relative=0x00000000000009e4
Event: 2.628 Thread 0x000001a0c07554e0 Uncommon trap: reason=bimorphic_or_optimized_type_check action=maybe_recompile pc=0x000001a0cfba40e4 method=java.util.HashMap.putVal(ILjava/lang/Object;Ljava/lang/Object;ZZ)Ljava/lang/Object; @ 203 c2
Event: 2.628 Thread 0x000001a0c07554e0 DEOPT PACKING pc=0x000001a0cfba40e4 sp=0x00000040511fd9a0
Event: 2.628 Thread 0x000001a0c07554e0 DEOPT UNPACKING pc=0x000001a0cf5823a3 sp=0x00000040511fd8d8 mode 2
Event: 2.650 Thread 0x000001a0c07554e0 Uncommon trap: trap_request=0xffffffc6 fr.pc=0x000001a0cfb208f8 relative=0x0000000000000338
Event: 2.650 Thread 0x000001a0c07554e0 Uncommon trap: reason=bimorphic_or_optimized_type_check action=maybe_recompile pc=0x000001a0cfb208f8 method=java.nio.Buffer.<init>(IIIILjdk/internal/access/foreign/MemorySegmentProxy;)V @ 39 c2
Event: 2.650 Thread 0x000001a0c07554e0 DEOPT PACKING pc=0x000001a0cfb208f8 sp=0x00000040511fc850
Event: 2.650 Thread 0x000001a0c07554e0 DEOPT UNPACKING pc=0x000001a0cf5823a3 sp=0x00000040511fc7f8 mode 2
Event: 2.651 Thread 0x000001a0c07554e0 Uncommon trap: trap_request=0xffffff45 fr.pc=0x000001a0cfb1ff28 relative=0x00000000000000a8
Event: 2.651 Thread 0x000001a0c07554e0 Uncommon trap: reason=unstable_if action=reinterpret pc=0x000001a0cfb1ff28 method=java.nio.Buffer.limit(I)Ljava/nio/Buffer; @ 42 c2
Event: 2.651 Thread 0x000001a0c07554e0 DEOPT PACKING pc=0x000001a0cfb1ff28 sp=0x00000040511fcc70
Event: 2.651 Thread 0x000001a0c07554e0 DEOPT UNPACKING pc=0x000001a0cf5823a3 sp=0x00000040511fcbf8 mode 2
Event: 2.651 Thread 0x000001a0c07554e0 Uncommon trap: trap_request=0xffffffc6 fr.pc=0x000001a0cfb208f8 relative=0x0000000000000338
Event: 2.651 Thread 0x000001a0c07554e0 Uncommon trap: reason=bimorphic_or_optimized_type_check action=maybe_recompile pc=0x000001a0cfb208f8 method=java.nio.Buffer.<init>(IIIILjdk/internal/access/foreign/MemorySegmentProxy;)V @ 39 c2
Event: 2.651 Thread 0x000001a0c07554e0 DEOPT PACKING pc=0x000001a0cfb208f8 sp=0x00000040511fc930
Event: 2.651 Thread 0x000001a0c07554e0 DEOPT UNPACKING pc=0x000001a0cf5823a3 sp=0x00000040511fc8d8 mode 2
Event: 2.662 Thread 0x000001a0c07554e0 Uncommon trap: trap_request=0xffffff45 fr.pc=0x000001a0cfbc25ac relative=0x000000000000028c
Event: 2.662 Thread 0x000001a0c07554e0 Uncommon trap: reason=unstable_if action=reinterpret pc=0x000001a0cfbc25ac method=java.lang.String.indexOf([BBILjava/lang/String;I)I @ 21 c2
Event: 2.662 Thread 0x000001a0c07554e0 DEOPT PACKING pc=0x000001a0cfbc25ac sp=0x00000040511fdb00
Event: 2.662 Thread 0x000001a0c07554e0 DEOPT UNPACKING pc=0x000001a0cf5823a3 sp=0x00000040511fda68 mode 2

Classes unloaded (0 events):
No events

Classes redefined (0 events):
No events

Internal exceptions (20 events):
Event: 0.410 Thread 0x000001a0c07554e0 Exception <a 'java/lang/NoSuchMethodError'{0x0000000088fd1958}: 'java.lang.Object java.lang.invoke.DirectMethodHandle$Holder.invokeSpecialIFC(java.lang.Object, java.lang.Object, java.lang.Object, java.lang.Object)'> (0x0000000088fd1958) 
thrown [s\open\src\hotspot\share\interpreter\linkResolver.cpp, line 759]
Event: 0.646 Thread 0x000001a0c07554e0 Exception <a 'java/lang/NoSuchMethodError'{0x000000008896d840}: 'java.lang.Object java.lang.invoke.DirectMethodHandle$Holder.invokeStaticInit(java.lang.Object)'> (0x000000008896d840) 
thrown [s\open\src\hotspot\share\interpreter\linkResolver.cpp, line 759]
Event: 0.650 Thread 0x000001a0c07554e0 Exception <a 'java/lang/NoSuchMethodError'{0x000000008898a478}: 'void java.lang.invoke.DirectMethodHandle$Holder.invokeSpecial(java.lang.Object, java.lang.Object, java.lang.Object)'> (0x000000008898a478) 
thrown [s\open\src\hotspot\share\interpreter\linkResolver.cpp, line 759]
Event: 0.695 Thread 0x000001a0c07554e0 Exception <a 'java/lang/NoSuchMethodError'{0x000000008940cb68}: 'java.lang.Object java.lang.invoke.DirectMethodHandle$Holder.invokeInterface(java.lang.Object, java.lang.Object)'> (0x000000008940cb68) 
thrown [s\open\src\hotspot\share\interpreter\linkResolver.cpp, line 759]
Event: 0.717 Thread 0x000001a0c07554e0 Exception <a 'java/lang/NoSuchMethodError'{0x00000000894b5540}: 'java.lang.Object java.lang.invoke.Invokers$Holder.invokeExact_MT(java.lang.Object, java.lang.Object, java.lang.Object, java.lang.Object, java.lang.Object, java.lang.Object)'> (0x00000000894b5540) 
thrown [s\open\src\hotspot\share\interpreter\linkResolver.cpp, line 759]
Event: 0.720 Thread 0x000001a0c07554e0 Exception <a 'java/lang/NoSuchMethodError'{0x00000000894c6a30}: 'int java.lang.invoke.DirectMethodHandle$Holder.invokeSpecialIFC(java.lang.Object, java.lang.Object, java.lang.Object, java.lang.Object, java.lang.Object)'> (0x00000000894c6a30) 
thrown [s\open\src\hotspot\share\interpreter\linkResolver.cpp, line 759]
Event: 0.774 Thread 0x000001a0c07554e0 Exception <a 'java/lang/NoSuchMethodError'{0x0000000089268b90}: 'java.lang.Object java.lang.invoke.DirectMethodHandle$Holder.newInvokeSpecial(java.lang.Object, java.lang.Object, java.lang.Object, java.lang.Object, java.lang.Object)'> (0x0000000089268b90) 
thrown [s\open\src\hotspot\share\interpreter\linkResolver.cpp, line 759]
Event: 0.808 Thread 0x000001a0c07554e0 Exception <a 'java/lang/NoSuchMethodError'{0x000000008916c188}: 'int java.lang.invoke.DirectMethodHandle$Holder.invokeStaticInit(java.lang.Object, java.lang.Object)'> (0x000000008916c188) 
thrown [s\open\src\hotspot\share\interpreter\linkResolver.cpp, line 759]
Event: 0.820 Thread 0x000001a0c07554e0 Exception <a 'java/lang/NoClassDefFoundError'{0x00000000891a4878}: javax/enterprise/inject/Typed> (0x00000000891a4878) 
thrown [s\open\src\hotspot\share\classfile\systemDictionary.cpp, line 245]
Event: 1.851 Thread 0x000001a0c07554e0 Exception <a 'java/lang/NoSuchMethodError'{0x000000008946cb48}: 'void java.lang.invoke.DirectMethodHandle$Holder.invokeStaticInit(java.lang.Object, java.lang.Object, java.lang.Object)'> (0x000000008946cb48) 
thrown [s\open\src\hotspot\share\interpreter\linkResolver.cpp, line 759]
Event: 1.857 Thread 0x000001a0c07554e0 Exception <a 'java/lang/ExceptionInInitializerError'{0x000000008949a140}> (0x000000008949a140) 
thrown [s\open\src\hotspot\share\oops\instanceKlass.cpp, line 1216]
Event: 1.895 Thread 0x000001a0c07554e0 Implicit null exception at 0x000001a0cfb3ff2f to 0x000001a0cfb4008c
Event: 1.900 Thread 0x000001a0c07554e0 Exception <a 'java/lang/NoSuchMethodError'{0x00000000893aa7c8}: 'java.lang.Object java.lang.invoke.Invokers$Holder.invokeExact_MT(java.lang.Object, int, java.lang.Object)'> (0x00000000893aa7c8) 
thrown [s\open\src\hotspot\share\interpreter\linkResolver.cpp, line 759]
Event: 1.915 Thread 0x000001a0c07554e0 Exception <a 'java/lang/NoSuchMethodError'{0x0000000089214558}: 'void java.lang.invoke.DirectMethodHandle$Holder.invokeStatic(java.lang.Object, java.lang.Object)'> (0x0000000089214558) 
thrown [s\open\src\hotspot\share\interpreter\linkResolver.cpp, line 759]
Event: 1.918 Thread 0x000001a0c07554e0 Exception <a 'java/lang/NoSuchMethodError'{0x0000000089224348}: 'int java.lang.invoke.DirectMethodHandle$Holder.invokeSpecial(java.lang.Object, java.lang.Object, java.lang.Object, java.lang.Object)'> (0x0000000089224348) 
thrown [s\open\src\hotspot\share\interpreter\linkResolver.cpp, line 759]
Event: 2.250 Thread 0x000001a0c07554e0 Exception <a 'java/lang/NoClassDefFoundError'{0x0000000088a368c8}: com/google/inject/servlet/ServletModuleTargetVisitor> (0x0000000088a368c8) 
thrown [s\open\src\hotspot\share\classfile\systemDictionary.cpp, line 245]
Event: 2.327 Thread 0x000001a0c07554e0 Exception <a 'java/lang/NoSuchMethodError'{0x00000000889c9cd0}: 'void java.lang.invoke.DirectMethodHandle$Holder.invokeVirtual(java.lang.Object, java.lang.Object)'> (0x00000000889c9cd0) 
thrown [s\open\src\hotspot\share\interpreter\linkResolver.cpp, line 759]
Event: 2.366 Thread 0x000001a0c07554e0 Exception <a 'java/lang/NoSuchMethodError'{0x0000000088841ad8}: 'java.lang.Object java.lang.invoke.DirectMethodHandle$Holder.invokeStaticInit(java.lang.Object, int, int, int, int)'> (0x0000000088841ad8) 
thrown [s\open\src\hotspot\share\interpreter\linkResolver.cpp, line 759]
Event: 2.561 Thread 0x000001a0c07554e0 Implicit null exception at 0x000001a0cfaf5472 to 0x000001a0cfaf5a44
Event: 2.561 Thread 0x000001a0c07554e0 Implicit null exception at 0x000001a0cfb08872 to 0x000001a0cfb08e54

VM Operations (20 events):
Event: 1.862 Executing VM operation: HandshakeAllThreads
Event: 1.862 Executing VM operation: HandshakeAllThreads done
Event: 1.952 Executing VM operation: HandshakeAllThreads
Event: 1.952 Executing VM operation: HandshakeAllThreads done
Event: 1.955 Executing VM operation: HandshakeAllThreads
Event: 1.955 Executing VM operation: HandshakeAllThreads done
Event: 2.033 Executing VM operation: HandshakeAllThreads
Event: 2.033 Executing VM operation: HandshakeAllThreads done
Event: 2.224 Executing VM operation: HandshakeAllThreads
Event: 2.224 Executing VM operation: HandshakeAllThreads done
Event: 2.254 Executing VM operation: ICBufferFull
Event: 2.255 Executing VM operation: ICBufferFull done
Event: 2.343 Executing VM operation: HandshakeAllThreads
Event: 2.343 Executing VM operation: HandshakeAllThreads done
Event: 2.384 Executing VM operation: HandshakeAllThreads
Event: 2.384 Executing VM operation: HandshakeAllThreads done
Event: 2.479 Executing VM operation: HandshakeAllThreads
Event: 2.479 Executing VM operation: HandshakeAllThreads done
Event: 2.480 Executing VM operation: HandshakeAllThreads
Event: 2.480 Executing VM operation: HandshakeAllThreads done

Events (20 events):
Event: 2.591 loading class java/nio/channels/spi/AbstractInterruptibleChannel$1
Event: 2.591 loading class sun/nio/ch/Interruptible
Event: 2.592 loading class sun/nio/ch/Interruptible done
Event: 2.592 loading class java/nio/channels/spi/AbstractInterruptibleChannel$1 done
Event: 2.592 loading class java/util/AbstractMap$2
Event: 2.593 loading class java/util/AbstractMap$2 done
Event: 2.593 loading class java/util/AbstractMap$2$1
Event: 2.593 loading class java/util/AbstractMap$2$1 done
Event: 2.649 loading class sun/util/resources/LocaleData$CommonResourceBundleProvider
Event: 2.649 loading class sun/util/resources/LocaleData$LocaleDataResourceBundleProvider
Event: 2.649 loading class java/util/spi/ResourceBundleProvider
Event: 2.649 loading class java/util/spi/ResourceBundleProvider done
Event: 2.649 loading class sun/util/resources/LocaleData$LocaleDataResourceBundleProvider done
Event: 2.649 loading class sun/util/resources/LocaleData$CommonResourceBundleProvider done
Event: 2.650 loading class sun/util/resources/Bundles$2
Event: 2.650 loading class sun/util/resources/Bundles$2 done
Event: 2.700 loading class java/lang/Short$ShortCache
Event: 2.700 loading class java/lang/Short$ShortCache done
Event: 2.700 loading class java/lang/Byte$ByteCache
Event: 2.701 loading class java/lang/Byte$ByteCache done


Dynamic libraries:
0x00007ff7ffdb0000 - 0x00007ff7ffdc0000 	C:\Program Files\Java\jdk-17\bin\java.exe
0x00007ff918af0000 - 0x00007ff918ce8000 	C:\Windows\SYSTEM32\ntdll.dll
0x00007ff918720000 - 0x00007ff9187dd000 	C:\Windows\System32\KERNEL32.DLL
0x00007ff916600000 - 0x00007ff9168f6000 	C:\Windows\System32\KERNELBASE.dll
0x00007ff916420000 - 0x00007ff916520000 	C:\Windows\System32\ucrtbase.dll
0x00007ff90f670000 - 0x00007ff90f689000 	C:\Program Files\Java\jdk-17\bin\jli.dll
0x00007ff90f650000 - 0x00007ff90f66b000 	C:\Program Files\Java\jdk-17\bin\VCRUNTIME140.dll
0x00007ff918360000 - 0x00007ff918410000 	C:\Windows\System32\ADVAPI32.dll
0x00007ff918680000 - 0x00007ff91871e000 	C:\Windows\System32\msvcrt.dll
0x00007ff916eb0000 - 0x00007ff916f50000 	C:\Windows\System32\sechost.dll
0x00007ff918980000 - 0x00007ff918aa3000 	C:\Windows\System32\RPCRT4.dll
0x00007ff916520000 - 0x00007ff916547000 	C:\Windows\System32\bcrypt.dll
0x00007ff9187e0000 - 0x00007ff91897f000 	C:\Windows\System32\USER32.dll
0x00007ff8fc670000 - 0x00007ff8fc90a000 	C:\Windows\WinSxS\amd64_microsoft.windows.common-controls_6595b64144ccf1df_6.0.19041.3636_none_60b6a03d71f818d5\COMCTL32.dll
0x00007ff9163a0000 - 0x00007ff9163c2000 	C:\Windows\System32\win32u.dll
0x00007ff916f50000 - 0x00007ff916f7b000 	C:\Windows\System32\GDI32.dll
0x00007ff916900000 - 0x00007ff916a17000 	C:\Windows\System32\gdi32full.dll
0x00007ff916300000 - 0x00007ff91639d000 	C:\Windows\System32\msvcp_win.dll
0x00007ff904c00000 - 0x00007ff904c0a000 	C:\Windows\SYSTEM32\VERSION.dll
0x00007ff916cd0000 - 0x00007ff916d02000 	C:\Windows\System32\IMM32.DLL
0x00007ff909410000 - 0x00007ff90941c000 	C:\Program Files\Java\jdk-17\bin\vcruntime140_1.dll
0x00007ff8fbf60000 - 0x00007ff8fbfee000 	C:\Program Files\Java\jdk-17\bin\msvcp140.dll
0x00007ff8d43d0000 - 0x00007ff8d4fb1000 	C:\Program Files\Java\jdk-17\bin\server\jvm.dll
0x00007ff9184f0000 - 0x00007ff9184f8000 	C:\Windows\System32\PSAPI.DLL
0x00007ff910c00000 - 0x00007ff910c09000 	C:\Windows\SYSTEM32\WSOCK32.dll
0x00007ff8f2780000 - 0x00007ff8f27a7000 	C:\Windows\SYSTEM32\WINMM.dll
0x00007ff917400000 - 0x00007ff91746b000 	C:\Windows\System32\WS2_32.dll
0x00007ff913ff0000 - 0x00007ff914002000 	C:\Windows\SYSTEM32\kernel.appcore.dll
0x00007ff909400000 - 0x00007ff90940a000 	C:\Program Files\Java\jdk-17\bin\jimage.dll
0x00007ff9033f0000 - 0x00007ff9035d4000 	C:\Windows\SYSTEM32\DBGHELP.DLL
0x00007ff902d60000 - 0x00007ff902d94000 	C:\Windows\SYSTEM32\dbgcore.DLL
0x00007ff916a90000 - 0x00007ff916b12000 	C:\Windows\System32\bcryptPrimitives.dll
0x00007ff8fbf30000 - 0x00007ff8fbf55000 	C:\Program Files\Java\jdk-17\bin\java.dll
0x00007ff8fbe50000 - 0x00007ff8fbf27000 	C:\Program Files\Java\jdk-17\bin\jsvml.dll
0x00007ff917760000 - 0x00007ff917ecb000 	C:\Windows\System32\SHELL32.dll
0x00007ff9141f0000 - 0x00007ff91498e000 	C:\Windows\SYSTEM32\windows.storage.dll
0x00007ff917030000 - 0x00007ff917383000 	C:\Windows\System32\combase.dll
0x00007ff915af0000 - 0x00007ff915b1e000 	C:\Windows\SYSTEM32\Wldp.dll
0x00007ff916c00000 - 0x00007ff916ccd000 	C:\Windows\System32\OLEAUT32.dll
0x00007ff916f80000 - 0x00007ff91702d000 	C:\Windows\System32\SHCORE.dll
0x00007ff918490000 - 0x00007ff9184e5000 	C:\Windows\System32\shlwapi.dll
0x00007ff9160d0000 - 0x00007ff9160f3000 	C:\Windows\SYSTEM32\profapi.dll
0x00007ff8fbe30000 - 0x00007ff8fbe49000 	C:\Program Files\Java\jdk-17\bin\net.dll
0x00007ff90ea40000 - 0x00007ff90eb4a000 	C:\Windows\SYSTEM32\WINHTTP.dll
0x00007ff9158d0000 - 0x00007ff91593a000 	C:\Windows\system32\mswsock.dll
0x00007ff8fbe10000 - 0x00007ff8fbe26000 	C:\Program Files\Java\jdk-17\bin\nio.dll
0x00007ff8fbdf0000 - 0x00007ff8fbe08000 	C:\Program Files\Java\jdk-17\bin\zip.dll
0x0000000069ac0000 - 0x0000000069ae4000 	C:\Program Files\apache-maven-3.9.6-bin\apache-maven-3.9.6\lib\jansi-native\Windows\x86_64\jansi.dll
0x00007ff8fc640000 - 0x00007ff8fc650000 	C:\Program Files\Java\jdk-17\bin\verify.dll

dbghelp: loaded successfully - version: 4.0.5 - missing functions: none
symbol engine: initialized successfully - sym options: 0x614 - pdb path: .;C:\Program Files\Java\jdk-17\bin;C:\Windows\SYSTEM32;C:\Windows\WinSxS\amd64_microsoft.windows.common-controls_6595b64144ccf1df_6.0.19041.3636_none_60b6a03d71f818d5;C:\Program Files\Java\jdk-17\bin\server;C:\Program Files\apache-maven-3.9.6-bin\apache-maven-3.9.6\lib\jansi-native\Windows\x86_64

VM Arguments:
jvm_args: -Dclassworlds.conf=C:\Program Files\apache-maven-3.9.6-bin\apache-maven-3.9.6\bin\m2.conf -Dmaven.home=C:\Program Files\apache-maven-3.9.6-bin\apache-maven-3.9.6 -Dlibrary.jansi.path=C:\Program Files\apache-maven-3.9.6-bin\apache-maven-3.9.6\lib\jansi-native -Dmaven.multiModuleProjectDirectory=D:\Downloads\PROGRAM\registry 
java_command: org.codehaus.plexus.classworlds.launcher.Launcher clean install jib:build
java_class_path (initial): C:\Program Files\apache-maven-3.9.6-bin\apache-maven-3.9.6\boot\plexus-classworlds-2.7.0.jar
Launcher Type: SUN_STANDARD

[Global flags]
     intx CICompilerCount                          = 3                                         {product} {ergonomic}
     uint ConcGCThreads                            = 1                                         {product} {ergonomic}
     uint G1ConcRefinementThreads                  = 4                                         {product} {ergonomic}
   size_t G1HeapRegionSize                         = 1048576                                   {product} {ergonomic}
    uintx GCDrainStackTargetSize                   = 64                                        {product} {ergonomic}
   size_t InitialHeapSize                          = 134217728                                 {product} {ergonomic}
   size_t MarkStackSize                            = 4194304                                   {product} {ergonomic}
   size_t MaxHeapSize                              = 2124414976                                {product} {ergonomic}
   size_t MaxNewSize                               = 1274019840                                {product} {ergonomic}
   size_t MinHeapDeltaBytes                        = 1048576                                   {product} {ergonomic}
   size_t MinHeapSize                              = 8388608                                   {product} {ergonomic}
    uintx NonNMethodCodeHeapSize                   = 5832780                                {pd product} {ergonomic}
    uintx NonProfiledCodeHeapSize                  = 122912730                              {pd product} {ergonomic}
    uintx ProfiledCodeHeapSize                     = 122912730                              {pd product} {ergonomic}
    uintx ReservedCodeCacheSize                    = 251658240                              {pd product} {ergonomic}
     bool SegmentedCodeCache                       = true                                      {product} {ergonomic}
   size_t SoftMaxHeapSize                          = 2124414976                             {manageable} {ergonomic}
     bool UseCompressedClassPointers               = true                           {product lp64_product} {ergonomic}
     bool UseCompressedOops                        = true                           {product lp64_product} {ergonomic}
     bool UseG1GC                                  = true                                      {product} {ergonomic}
     bool UseLargePagesIndividualAllocation        = false                                  {pd product} {ergonomic}

Logging:
Log output configuration:
 #0: stdout all=warning uptime,level,tags
 #1: stderr all=off uptime,level,tags

Environment Variables:
JAVA_HOME=C:\Program Files\Java\jdk-17
PATH=C:\Program Files\Common Files\Oracle\Java\javapath;C:\Program Files\apache-maven-3.9.6-bin\apache-maven-3.9.6\bin;C:\Program Files\Java\jdk-17\bin;C:\Windows\system32;C:\Windows;C:\Windows\System32\Wbem;C:\Windows\System32\WindowsPowerShell\v1.0\;C:\Windows\System32\OpenSSH\;C:\Program Files\dotnet\;C:\Program Files\nodejs\;D:\Git\cmd;C:\Program Files\Docker\Docker\resources\bin;C:\Program Files\Cloudflare\Cloudflare WARP\;C:\ProgramData\chocolatey\bin;C:\Users\DUC\AppData\Local\Microsoft\WindowsApps;;D:\Microsoft VS Code\bin;C:\Users\DUC\AppData\Roaming\npm
USERNAME=DUC
OS=Windows_NT
PROCESSOR_IDENTIFIER=Intel64 Family 6 Model 69 Stepping 1, GenuineIntel



---------------  S Y S T E M  ---------------

OS:
 Windows 10 , 64 bit Build 19041 (10.0.19041.3636)
OS uptime: 0 days 0:07 hours
Hyper-V role detected

CPU: total 4 (initial active 4) (2 cores per cpu, 2 threads per core) family 6 model 69 stepping 1 microcode 0x25, cx8, cmov, fxsr, ht, mmx, sse, sse2, sse3, ssse3, sse4.1, sse4.2, popcnt, lzcnt, tsc, tscinvbit, avx, avx2, aes, erms, clmul, bmi1, bmi2, fma, vzeroupper, clflush, hv

Memory: 4k page, system-wide physical 8097M (884M free)
TotalPageFile size 8097M (AvailPageFile size 5M)
current process WorkingSet (physical memory assigned to process): 115M, peak: 115M
current process commit charge ("private bytes"): 245M, peak: 246M

vm_info: Java HotSpot(TM) 64-Bit Server VM (17.0.9+11-LTS-201) for windows-amd64 JRE (17.0.9+11-LTS-201), built on Oct 10 2023 23:16:06 by "mach5one" with MS VC++ 17.1 (VS2022)

END.
